2023-08-21 19:11:26.159 WARN  [HikariPool-1 housekeeper] [com.zaxxer.hikari.pool.HikariPool] - HikariPool-1 - Thread starvation or clock leap detected (housekeeper delta=11h19m34s585ms466µs500ns).
2023-08-21 21:19:47.318 INFO  [http-nio-8080-exec-3] [o.a.c.c.C.[Tomcat].[localhost].[/]] - Initializing Spring DispatcherServlet 'dispatcherServlet'
2023-08-21 21:19:47.320 INFO  [http-nio-8080-exec-3] [o.s.web.servlet.DispatcherServlet] - Initializing Servlet 'dispatcherServlet'
2023-08-21 21:19:47.362 INFO  [http-nio-8080-exec-3] [o.s.web.servlet.DispatcherServlet] - Completed initialization in 42 ms
2023-08-21 21:19:47.401 INFO  [http-nio-8080-exec-3] [c.d.g.g.t.filter.JwtAuthenticationFilter] - [JwtAuthenticationFilter] accessToken : null
2023-08-21 21:19:47.459 WARN  [http-nio-8080-exec-3] [o.s.w.s.m.s.DefaultHandlerExceptionResolver] - Resolved [org.springframework.web.bind.MissingServletRequestParameterException: Required request parameter 'accessToken' for method parameter type String is not present]
2023-08-21 21:19:47.700 INFO  [http-nio-8080-exec-2] [c.d.g.g.t.filter.JwtAuthenticationFilter] - [JwtAuthenticationFilter] accessToken : null
2023-08-21 21:20:06.099 INFO  [http-nio-8080-exec-4] [c.d.g.g.t.filter.JwtAuthenticationFilter] - [JwtAuthenticationFilter] accessToken : null
2023-08-21 21:20:06.648 DEBUG [http-nio-8080-exec-4] [org.hibernate.SQL] - 
    /* select
        user 
    from
        User user 
    where
        user.provider = ?1 
        and user.oauthId = ?2 */ select
            user0_.user_id as user_id1_2_,
            user0_.created_date as created_2_2_,
            user0_.last_modified_date as last_mod3_2_,
            user0_.nickname as nickname4_2_,
            user0_.oauth_id as oauth_id5_2_,
            user0_.profile_image_url as profile_6_2_,
            user0_.provider as provider7_2_ 
        from
            user user0_ 
        where
            user0_.provider=? 
            and user0_.oauth_id=?
2023-08-21 21:20:06.662 TRACE [http-nio-8080-exec-4] [o.h.type.descriptor.sql.BasicBinder] - binding parameter [1] as [VARCHAR] - [kakao]
2023-08-21 21:20:06.663 TRACE [http-nio-8080-exec-4] [o.h.type.descriptor.sql.BasicBinder] - binding parameter [2] as [VARCHAR] - [2942669632]
2023-08-21 21:20:06.776 DEBUG [http-nio-8080-exec-4] [org.hibernate.SQL] - 
    /* insert com.dnd.gooding.domain.user.model.User
        */ insert 
        into
            user
            (created_date, last_modified_date, nickname, oauth_id, profile_image_url, provider) 
        values
            (?, ?, ?, ?, ?, ?)
2023-08-21 21:20:06.777 TRACE [http-nio-8080-exec-4] [o.h.type.descriptor.sql.BasicBinder] - binding parameter [1] as [TIMESTAMP] - [2023-08-21T21:20:06.725467900]
2023-08-21 21:20:06.778 TRACE [http-nio-8080-exec-4] [o.h.type.descriptor.sql.BasicBinder] - binding parameter [2] as [TIMESTAMP] - [2023-08-21T21:20:06.725467900]
2023-08-21 21:20:06.778 TRACE [http-nio-8080-exec-4] [o.h.type.descriptor.sql.BasicBinder] - binding parameter [3] as [VARCHAR] - [한해용]
2023-08-21 21:20:06.778 TRACE [http-nio-8080-exec-4] [o.h.type.descriptor.sql.BasicBinder] - binding parameter [4] as [VARCHAR] - [2942669632]
2023-08-21 21:20:06.778 TRACE [http-nio-8080-exec-4] [o.h.type.descriptor.sql.BasicBinder] - binding parameter [5] as [VARCHAR] - [http://k.kakaocdn.net/dn/bwXMb4/btsffv6Enze/CWxCrOgCvTAUz5FxUjWLUk/img_640x640.jpg]
2023-08-21 21:20:06.778 TRACE [http-nio-8080-exec-4] [o.h.type.descriptor.sql.BasicBinder] - binding parameter [6] as [VARCHAR] - [kakao]
2023-08-21 21:20:33.551 INFO  [http-nio-8080-exec-6] [c.d.g.g.t.filter.JwtAuthenticationFilter] - [JwtAuthenticationFilter] accessToken : eyJhbGciOiJIUzM4NCJ9.eyJyb2xlIjoi7ZWc7ZW07JqpIiwidXNlcklkIjoxLCJpYXQiOjE2OTI2MjA0MDYsImV4cCI6MTY5MjYyMjIwNn0.CX5jdWiPyHV5VTSDbVKsu8VXJMqXE_ueA870Kfe09f1NMrYCOWuGU_XPjvmsuYUo
2023-08-21 21:20:33.628 DEBUG [http-nio-8080-exec-6] [org.hibernate.SQL] - 
    /* select
        user 
    from
        User user 
    where
        user.oauthId = ?1 */ select
            user0_.user_id as user_id1_2_,
            user0_.created_date as created_2_2_,
            user0_.last_modified_date as last_mod3_2_,
            user0_.nickname as nickname4_2_,
            user0_.oauth_id as oauth_id5_2_,
            user0_.profile_image_url as profile_6_2_,
            user0_.provider as provider7_2_ 
        from
            user user0_ 
        where
            user0_.oauth_id=?
2023-08-21 21:20:33.629 TRACE [http-nio-8080-exec-6] [o.h.type.descriptor.sql.BasicBinder] - binding parameter [1] as [VARCHAR] - [2942669632]
2023-08-21 21:20:33.631 TRACE [http-nio-8080-exec-6] [o.h.type.descriptor.sql.BasicExtractor] - extracted value ([user_id1_2_] : [BIGINT]) - [1]
2023-08-21 21:20:33.635 TRACE [http-nio-8080-exec-6] [o.h.type.descriptor.sql.BasicExtractor] - extracted value ([created_2_2_] : [TIMESTAMP]) - [2023-08-21T21:20:06]
2023-08-21 21:20:33.636 TRACE [http-nio-8080-exec-6] [o.h.type.descriptor.sql.BasicExtractor] - extracted value ([last_mod3_2_] : [TIMESTAMP]) - [2023-08-21T21:20:06]
2023-08-21 21:20:33.636 TRACE [http-nio-8080-exec-6] [o.h.type.descriptor.sql.BasicExtractor] - extracted value ([nickname4_2_] : [VARCHAR]) - [한해용]
2023-08-21 21:20:33.636 TRACE [http-nio-8080-exec-6] [o.h.type.descriptor.sql.BasicExtractor] - extracted value ([oauth_id5_2_] : [VARCHAR]) - [2942669632]
2023-08-21 21:20:33.636 TRACE [http-nio-8080-exec-6] [o.h.type.descriptor.sql.BasicExtractor] - extracted value ([profile_6_2_] : [VARCHAR]) - [http://k.kakaocdn.net/dn/bwXMb4/btsffv6Enze/CWxCrOgCvTAUz5FxUjWLUk/img_640x640.jpg]
2023-08-21 21:20:33.636 TRACE [http-nio-8080-exec-6] [o.h.type.descriptor.sql.BasicExtractor] - extracted value ([provider7_2_] : [VARCHAR]) - [kakao]
2023-08-21 21:20:33.640 TRACE [http-nio-8080-exec-6] [org.hibernate.type.CollectionType] - Created collection wrapper: [com.dnd.gooding.domain.user.model.User.files#1]
2023-08-21 21:20:33.641 TRACE [http-nio-8080-exec-6] [org.hibernate.type.CollectionType] - Created collection wrapper: [com.dnd.gooding.domain.user.model.User.records#1]
2023-08-21 21:20:33.658 DEBUG [http-nio-8080-exec-6] [org.hibernate.SQL] - 
    /* insert com.dnd.gooding.domain.record.model.Record
        */ insert 
        into
            record
            (created_date, last_modified_date, description, place_latitude, place_longitude, place_title, record_date, record_open, record_score, thumbnail_url, title, user_id) 
        values
            (?, ?, ?, ?, ?, ?, ?, ?, ?, ?, ?, ?)
2023-08-21 21:20:33.658 TRACE [http-nio-8080-exec-6] [o.h.type.descriptor.sql.BasicBinder] - binding parameter [1] as [TIMESTAMP] - [2023-08-21T21:20:33.651892600]
2023-08-21 21:20:33.659 TRACE [http-nio-8080-exec-6] [o.h.type.descriptor.sql.BasicBinder] - binding parameter [2] as [TIMESTAMP] - [2023-08-21T21:20:33.651892600]
2023-08-21 21:20:33.659 TRACE [http-nio-8080-exec-6] [o.h.type.descriptor.sql.BasicBinder] - binding parameter [3] as [VARCHAR] - [설명입니다.]
2023-08-21 21:20:33.660 TRACE [http-nio-8080-exec-6] [o.h.type.descriptor.sql.BasicBinder] - binding parameter [4] as [DOUBLE] - [37.541037]
2023-08-21 21:20:33.660 TRACE [http-nio-8080-exec-6] [o.h.type.descriptor.sql.BasicBinder] - binding parameter [5] as [DOUBLE] - [127.077944]
2023-08-21 21:20:33.661 TRACE [http-nio-8080-exec-6] [o.h.type.descriptor.sql.BasicBinder] - binding parameter [6] as [VARCHAR] - [을왕]
2023-08-21 21:20:33.661 TRACE [http-nio-8080-exec-6] [o.h.type.descriptor.sql.BasicBinder] - binding parameter [7] as [TIMESTAMP] - [2023-08-10T12:28:55.696]
2023-08-21 21:20:33.661 TRACE [http-nio-8080-exec-6] [o.h.type.descriptor.sql.BasicBinder] - binding parameter [8] as [VARCHAR] - [PRIVATE]
2023-08-21 21:20:33.662 TRACE [http-nio-8080-exec-6] [o.h.type.descriptor.sql.BasicBinder] - binding parameter [9] as [INTEGER] - [20]
2023-08-21 21:20:33.662 TRACE [http-nio-8080-exec-6] [o.h.type.descriptor.sql.BasicBinder] - binding parameter [10] as [VARCHAR] - [null]
2023-08-21 21:20:33.663 TRACE [http-nio-8080-exec-6] [o.h.type.descriptor.sql.BasicBinder] - binding parameter [11] as [VARCHAR] - [제목1]
2023-08-21 21:20:33.663 TRACE [http-nio-8080-exec-6] [o.h.type.descriptor.sql.BasicBinder] - binding parameter [12] as [BIGINT] - [1]
2023-08-21 21:20:34.172 INFO  [http-nio-8080-exec-6] [c.d.gooding.global.s3.service.S3Service] - [S3UploadService] removeNewFile : File delete success
2023-08-21 21:20:34.185 DEBUG [http-nio-8080-exec-6] [org.hibernate.SQL] - 
    /* insert com.dnd.gooding.domain.file.model.File
        */ insert 
        into
            file
            (created_date, last_modified_date, extension, file_size, file_url, new_name, origin_name, record_id, user_id) 
        values
            (?, ?, ?, ?, ?, ?, ?, ?, ?)
2023-08-21 21:20:34.185 TRACE [http-nio-8080-exec-6] [o.h.type.descriptor.sql.BasicBinder] - binding parameter [1] as [TIMESTAMP] - [2023-08-21T21:20:34.182817900]
2023-08-21 21:20:34.185 TRACE [http-nio-8080-exec-6] [o.h.type.descriptor.sql.BasicBinder] - binding parameter [2] as [TIMESTAMP] - [2023-08-21T21:20:34.182817900]
2023-08-21 21:20:34.186 TRACE [http-nio-8080-exec-6] [o.h.type.descriptor.sql.BasicBinder] - binding parameter [3] as [VARCHAR] - [jpg]
2023-08-21 21:20:34.186 TRACE [http-nio-8080-exec-6] [o.h.type.descriptor.sql.BasicBinder] - binding parameter [4] as [BIGINT] - [286511]
2023-08-21 21:20:34.186 TRACE [http-nio-8080-exec-6] [o.h.type.descriptor.sql.BasicBinder] - binding parameter [5] as [VARCHAR] - [https://dnd9th-3.s3.ap-northeast-2.amazonaws.com/images/58185a5d-c2d4-4109-9e54-a415b5a12fc2bc76ffcb-bd5d-4e03-8575-8e9b84d94778.jpg]
2023-08-21 21:20:34.186 TRACE [http-nio-8080-exec-6] [o.h.type.descriptor.sql.BasicBinder] - binding parameter [6] as [VARCHAR] - [bc76ffcb-bd5d-4e03-8575-8e9b84d94778.jpg]
2023-08-21 21:20:34.186 TRACE [http-nio-8080-exec-6] [o.h.type.descriptor.sql.BasicBinder] - binding parameter [7] as [VARCHAR] - [202212008462_500.jpg]
2023-08-21 21:20:34.186 TRACE [http-nio-8080-exec-6] [o.h.type.descriptor.sql.BasicBinder] - binding parameter [8] as [BIGINT] - [1]
2023-08-21 21:20:34.186 TRACE [http-nio-8080-exec-6] [o.h.type.descriptor.sql.BasicBinder] - binding parameter [9] as [BIGINT] - [1]
2023-08-21 21:20:34.198 DEBUG [http-nio-8080-exec-6] [org.hibernate.SQL] - 
    /* update
        Record record 
    set
        record.thumbnailUrl = ?1 
    where
        record.id = ?2 */ update
            record 
        set
            thumbnail_url=? 
        where
            record_id=?
2023-08-21 21:20:34.198 TRACE [http-nio-8080-exec-6] [o.h.type.descriptor.sql.BasicBinder] - binding parameter [1] as [VARCHAR] - [https://dnd9th-3.s3.ap-northeast-2.amazonaws.com/images/58185a5d-c2d4-4109-9e54-a415b5a12fc2bc76ffcb-bd5d-4e03-8575-8e9b84d94778.jpg]
2023-08-21 21:20:34.198 TRACE [http-nio-8080-exec-6] [o.h.type.descriptor.sql.BasicBinder] - binding parameter [2] as [BIGINT] - [1]
2023-08-21 21:20:34.213 DEBUG [http-nio-8080-exec-6] [org.hibernate.SQL] - 
    /* select
        distinct record 
    from
        Record record   
    inner join
        fetch record.files as file 
    where
        record.user.id = ?1 
        and record.id = ?2 */ select
            distinct record0_.record_id as record_i1_1_0_,
            files1_.file_id as file_id1_0_1_,
            record0_.created_date as created_2_1_0_,
            record0_.last_modified_date as last_mod3_1_0_,
            record0_.description as descript4_1_0_,
            record0_.place_latitude as place_la5_1_0_,
            record0_.place_longitude as place_lo6_1_0_,
            record0_.place_title as place_ti7_1_0_,
            record0_.record_date as record_d8_1_0_,
            record0_.record_open as record_o9_1_0_,
            record0_.record_score as record_10_1_0_,
            record0_.thumbnail_url as thumbna11_1_0_,
            record0_.title as title12_1_0_,
            record0_.user_id as user_id13_1_0_,
            files1_.created_date as created_2_0_1_,
            files1_.last_modified_date as last_mod3_0_1_,
            files1_.extension as extensio4_0_1_,
            files1_.file_size as file_siz5_0_1_,
            files1_.file_url as file_url6_0_1_,
            files1_.new_name as new_name7_0_1_,
            files1_.origin_name as origin_n8_0_1_,
            files1_.record_id as record_i9_0_1_,
            files1_.user_id as user_id10_0_1_,
            files1_.record_id as record_i9_0_0__,
            files1_.file_id as file_id1_0_0__ 
        from
            record record0_ 
        inner join
            file files1_ 
                on record0_.record_id=files1_.record_id 
        where
            record0_.user_id=? 
            and record0_.record_id=?
2023-08-21 21:20:34.213 TRACE [http-nio-8080-exec-6] [o.h.type.descriptor.sql.BasicBinder] - binding parameter [1] as [BIGINT] - [1]
2023-08-21 21:20:34.213 TRACE [http-nio-8080-exec-6] [o.h.type.descriptor.sql.BasicBinder] - binding parameter [2] as [BIGINT] - [1]
2023-08-21 21:20:34.215 TRACE [http-nio-8080-exec-6] [o.h.type.descriptor.sql.BasicExtractor] - extracted value ([record_i1_1_0_] : [BIGINT]) - [1]
2023-08-21 21:20:34.215 TRACE [http-nio-8080-exec-6] [o.h.type.descriptor.sql.BasicExtractor] - extracted value ([file_id1_0_1_] : [BIGINT]) - [1]
2023-08-21 21:20:34.215 TRACE [http-nio-8080-exec-6] [o.h.type.descriptor.sql.BasicExtractor] - extracted value ([created_2_1_0_] : [TIMESTAMP]) - [2023-08-21T21:20:33]
2023-08-21 21:20:34.215 TRACE [http-nio-8080-exec-6] [o.h.type.descriptor.sql.BasicExtractor] - extracted value ([last_mod3_1_0_] : [TIMESTAMP]) - [2023-08-21T21:20:33]
2023-08-21 21:20:34.215 TRACE [http-nio-8080-exec-6] [o.h.type.descriptor.sql.BasicExtractor] - extracted value ([descript4_1_0_] : [VARCHAR]) - [설명입니다.]
2023-08-21 21:20:34.216 TRACE [http-nio-8080-exec-6] [o.h.type.descriptor.sql.BasicExtractor] - extracted value ([place_la5_1_0_] : [DOUBLE]) - [37.541037]
2023-08-21 21:20:34.216 TRACE [http-nio-8080-exec-6] [o.h.type.descriptor.sql.BasicExtractor] - extracted value ([place_lo6_1_0_] : [DOUBLE]) - [127.077944]
2023-08-21 21:20:34.216 TRACE [http-nio-8080-exec-6] [o.h.type.descriptor.sql.BasicExtractor] - extracted value ([place_ti7_1_0_] : [VARCHAR]) - [을왕]
2023-08-21 21:20:34.216 TRACE [http-nio-8080-exec-6] [o.h.type.descriptor.sql.BasicExtractor] - extracted value ([record_d8_1_0_] : [TIMESTAMP]) - [2023-08-10T12:28:55]
2023-08-21 21:20:34.216 TRACE [http-nio-8080-exec-6] [o.h.type.descriptor.sql.BasicExtractor] - extracted value ([record_o9_1_0_] : [VARCHAR]) - [PRIVATE]
2023-08-21 21:20:34.217 TRACE [http-nio-8080-exec-6] [o.h.type.descriptor.sql.BasicExtractor] - extracted value ([record_10_1_0_] : [INTEGER]) - [20]
2023-08-21 21:20:34.217 TRACE [http-nio-8080-exec-6] [o.h.type.descriptor.sql.BasicExtractor] - extracted value ([thumbna11_1_0_] : [VARCHAR]) - [https://dnd9th-3.s3.ap-northeast-2.amazonaws.com/images/58185a5d-c2d4-4109-9e54-a415b5a12fc2bc76ffcb-bd5d-4e03-8575-8e9b84d94778.jpg]
2023-08-21 21:20:34.217 TRACE [http-nio-8080-exec-6] [o.h.type.descriptor.sql.BasicExtractor] - extracted value ([title12_1_0_] : [VARCHAR]) - [제목1]
2023-08-21 21:20:34.217 TRACE [http-nio-8080-exec-6] [o.h.type.descriptor.sql.BasicExtractor] - extracted value ([user_id13_1_0_] : [BIGINT]) - [1]
2023-08-21 21:20:34.217 TRACE [http-nio-8080-exec-6] [o.h.type.descriptor.sql.BasicExtractor] - extracted value ([created_2_0_1_] : [TIMESTAMP]) - [2023-08-21T21:20:34]
2023-08-21 21:20:34.217 TRACE [http-nio-8080-exec-6] [o.h.type.descriptor.sql.BasicExtractor] - extracted value ([last_mod3_0_1_] : [TIMESTAMP]) - [2023-08-21T21:20:34]
2023-08-21 21:20:34.217 TRACE [http-nio-8080-exec-6] [o.h.type.descriptor.sql.BasicExtractor] - extracted value ([extensio4_0_1_] : [VARCHAR]) - [jpg]
2023-08-21 21:20:34.217 TRACE [http-nio-8080-exec-6] [o.h.type.descriptor.sql.BasicExtractor] - extracted value ([file_siz5_0_1_] : [BIGINT]) - [286511]
2023-08-21 21:20:34.217 TRACE [http-nio-8080-exec-6] [o.h.type.descriptor.sql.BasicExtractor] - extracted value ([file_url6_0_1_] : [VARCHAR]) - [https://dnd9th-3.s3.ap-northeast-2.amazonaws.com/images/58185a5d-c2d4-4109-9e54-a415b5a12fc2bc76ffcb-bd5d-4e03-8575-8e9b84d94778.jpg]
2023-08-21 21:20:34.217 TRACE [http-nio-8080-exec-6] [o.h.type.descriptor.sql.BasicExtractor] - extracted value ([new_name7_0_1_] : [VARCHAR]) - [bc76ffcb-bd5d-4e03-8575-8e9b84d94778.jpg]
2023-08-21 21:20:34.217 TRACE [http-nio-8080-exec-6] [o.h.type.descriptor.sql.BasicExtractor] - extracted value ([origin_n8_0_1_] : [VARCHAR]) - [202212008462_500.jpg]
2023-08-21 21:20:34.217 TRACE [http-nio-8080-exec-6] [o.h.type.descriptor.sql.BasicExtractor] - extracted value ([record_i9_0_1_] : [BIGINT]) - [1]
2023-08-21 21:20:34.217 TRACE [http-nio-8080-exec-6] [o.h.type.descriptor.sql.BasicExtractor] - extracted value ([user_id10_0_1_] : [BIGINT]) - [1]
2023-08-21 21:20:34.218 TRACE [http-nio-8080-exec-6] [o.h.type.descriptor.sql.BasicExtractor] - extracted value ([record_i9_0_0__] : [BIGINT]) - [1]
2023-08-21 21:20:34.220 TRACE [http-nio-8080-exec-6] [o.h.type.descriptor.sql.BasicExtractor] - extracted value ([file_id1_0_0__] : [BIGINT]) - [1]
2023-08-21 21:20:34.235 DEBUG [http-nio-8080-exec-6] [org.hibernate.SQL] - 
    /* select
        distinct record 
    from
        Record record   
    inner join
        fetch record.files as file 
    where
        record.user.id = ?1 
        and record.id = ?2 */ select
            distinct record0_.record_id as record_i1_1_0_,
            files1_.file_id as file_id1_0_1_,
            record0_.created_date as created_2_1_0_,
            record0_.last_modified_date as last_mod3_1_0_,
            record0_.description as descript4_1_0_,
            record0_.place_latitude as place_la5_1_0_,
            record0_.place_longitude as place_lo6_1_0_,
            record0_.place_title as place_ti7_1_0_,
            record0_.record_date as record_d8_1_0_,
            record0_.record_open as record_o9_1_0_,
            record0_.record_score as record_10_1_0_,
            record0_.thumbnail_url as thumbna11_1_0_,
            record0_.title as title12_1_0_,
            record0_.user_id as user_id13_1_0_,
            files1_.created_date as created_2_0_1_,
            files1_.last_modified_date as last_mod3_0_1_,
            files1_.extension as extensio4_0_1_,
            files1_.file_size as file_siz5_0_1_,
            files1_.file_url as file_url6_0_1_,
            files1_.new_name as new_name7_0_1_,
            files1_.origin_name as origin_n8_0_1_,
            files1_.record_id as record_i9_0_1_,
            files1_.user_id as user_id10_0_1_,
            files1_.record_id as record_i9_0_0__,
            files1_.file_id as file_id1_0_0__ 
        from
            record record0_ 
        inner join
            file files1_ 
                on record0_.record_id=files1_.record_id 
        where
            record0_.user_id=? 
            and record0_.record_id=?
2023-08-21 21:20:34.235 TRACE [http-nio-8080-exec-6] [o.h.type.descriptor.sql.BasicBinder] - binding parameter [1] as [BIGINT] - [1]
2023-08-21 21:20:34.235 TRACE [http-nio-8080-exec-6] [o.h.type.descriptor.sql.BasicBinder] - binding parameter [2] as [BIGINT] - [1]
2023-08-21 21:20:34.236 TRACE [http-nio-8080-exec-6] [o.h.type.descriptor.sql.BasicExtractor] - extracted value ([record_i1_1_0_] : [BIGINT]) - [1]
2023-08-21 21:20:34.236 TRACE [http-nio-8080-exec-6] [o.h.type.descriptor.sql.BasicExtractor] - extracted value ([file_id1_0_1_] : [BIGINT]) - [1]
2023-08-21 21:20:34.236 TRACE [http-nio-8080-exec-6] [o.h.type.descriptor.sql.BasicExtractor] - extracted value ([record_i9_0_0__] : [BIGINT]) - [1]
2023-08-21 21:22:20.828 INFO  [http-nio-8080-exec-9] [c.d.g.g.t.filter.JwtAuthenticationFilter] - [JwtAuthenticationFilter] accessToken : eyJhbGciOiJIUzM4NCJ9.eyJyb2xlIjoi7ZWc7ZW07JqpIiwidXNlcklkIjoxLCJpYXQiOjE2OTI2MjA0MDYsImV4cCI6MTY5MjYyMjIwNn0.CX5jdWiPyHV5VTSDbVKsu8VXJMqXE_ueA870Kfe09f1NMrYCOWuGU_XPjvmsuYUo
2023-08-21 21:22:20.835 DEBUG [http-nio-8080-exec-9] [org.hibernate.SQL] - 
    /* select
        distinct record 
    from
        Record record   
    inner join
        fetch record.files as file 
    where
        record.user.id = ?1 */ select
            distinct record0_.record_id as record_i1_1_0_,
            files1_.file_id as file_id1_0_1_,
            record0_.created_date as created_2_1_0_,
            record0_.last_modified_date as last_mod3_1_0_,
            record0_.description as descript4_1_0_,
            record0_.place_latitude as place_la5_1_0_,
            record0_.place_longitude as place_lo6_1_0_,
            record0_.place_title as place_ti7_1_0_,
            record0_.record_date as record_d8_1_0_,
            record0_.record_open as record_o9_1_0_,
            record0_.record_score as record_10_1_0_,
            record0_.thumbnail_url as thumbna11_1_0_,
            record0_.title as title12_1_0_,
            record0_.user_id as user_id13_1_0_,
            files1_.created_date as created_2_0_1_,
            files1_.last_modified_date as last_mod3_0_1_,
            files1_.extension as extensio4_0_1_,
            files1_.file_size as file_siz5_0_1_,
            files1_.file_url as file_url6_0_1_,
            files1_.new_name as new_name7_0_1_,
            files1_.origin_name as origin_n8_0_1_,
            files1_.record_id as record_i9_0_1_,
            files1_.user_id as user_id10_0_1_,
            files1_.record_id as record_i9_0_0__,
            files1_.file_id as file_id1_0_0__ 
        from
            record record0_ 
        inner join
            file files1_ 
                on record0_.record_id=files1_.record_id 
        where
            record0_.user_id=?
2023-08-21 21:22:20.836 TRACE [http-nio-8080-exec-9] [o.h.type.descriptor.sql.BasicBinder] - binding parameter [1] as [BIGINT] - [1]
2023-08-21 21:22:20.839 TRACE [http-nio-8080-exec-9] [o.h.type.descriptor.sql.BasicExtractor] - extracted value ([record_i1_1_0_] : [BIGINT]) - [1]
2023-08-21 21:22:20.839 TRACE [http-nio-8080-exec-9] [o.h.type.descriptor.sql.BasicExtractor] - extracted value ([file_id1_0_1_] : [BIGINT]) - [1]
2023-08-21 21:22:20.839 TRACE [http-nio-8080-exec-9] [o.h.type.descriptor.sql.BasicExtractor] - extracted value ([created_2_1_0_] : [TIMESTAMP]) - [2023-08-21T21:20:33]
2023-08-21 21:22:20.839 TRACE [http-nio-8080-exec-9] [o.h.type.descriptor.sql.BasicExtractor] - extracted value ([last_mod3_1_0_] : [TIMESTAMP]) - [2023-08-21T21:20:33]
2023-08-21 21:22:20.839 TRACE [http-nio-8080-exec-9] [o.h.type.descriptor.sql.BasicExtractor] - extracted value ([descript4_1_0_] : [VARCHAR]) - [설명입니다.]
2023-08-21 21:22:20.840 TRACE [http-nio-8080-exec-9] [o.h.type.descriptor.sql.BasicExtractor] - extracted value ([place_la5_1_0_] : [DOUBLE]) - [37.541037]
2023-08-21 21:22:20.840 TRACE [http-nio-8080-exec-9] [o.h.type.descriptor.sql.BasicExtractor] - extracted value ([place_lo6_1_0_] : [DOUBLE]) - [127.077944]
2023-08-21 21:22:20.840 TRACE [http-nio-8080-exec-9] [o.h.type.descriptor.sql.BasicExtractor] - extracted value ([place_ti7_1_0_] : [VARCHAR]) - [을왕]
2023-08-21 21:22:20.840 TRACE [http-nio-8080-exec-9] [o.h.type.descriptor.sql.BasicExtractor] - extracted value ([record_d8_1_0_] : [TIMESTAMP]) - [2023-08-10T12:28:55]
2023-08-21 21:22:20.840 TRACE [http-nio-8080-exec-9] [o.h.type.descriptor.sql.BasicExtractor] - extracted value ([record_o9_1_0_] : [VARCHAR]) - [PRIVATE]
2023-08-21 21:22:20.840 TRACE [http-nio-8080-exec-9] [o.h.type.descriptor.sql.BasicExtractor] - extracted value ([record_10_1_0_] : [INTEGER]) - [20]
2023-08-21 21:22:20.840 TRACE [http-nio-8080-exec-9] [o.h.type.descriptor.sql.BasicExtractor] - extracted value ([thumbna11_1_0_] : [VARCHAR]) - [https://dnd9th-3.s3.ap-northeast-2.amazonaws.com/images/58185a5d-c2d4-4109-9e54-a415b5a12fc2bc76ffcb-bd5d-4e03-8575-8e9b84d94778.jpg]
2023-08-21 21:22:20.840 TRACE [http-nio-8080-exec-9] [o.h.type.descriptor.sql.BasicExtractor] - extracted value ([title12_1_0_] : [VARCHAR]) - [제목1]
2023-08-21 21:22:20.840 TRACE [http-nio-8080-exec-9] [o.h.type.descriptor.sql.BasicExtractor] - extracted value ([user_id13_1_0_] : [BIGINT]) - [1]
2023-08-21 21:22:20.841 TRACE [http-nio-8080-exec-9] [o.h.type.descriptor.sql.BasicExtractor] - extracted value ([created_2_0_1_] : [TIMESTAMP]) - [2023-08-21T21:20:34]
2023-08-21 21:22:20.841 TRACE [http-nio-8080-exec-9] [o.h.type.descriptor.sql.BasicExtractor] - extracted value ([last_mod3_0_1_] : [TIMESTAMP]) - [2023-08-21T21:20:34]
2023-08-21 21:22:20.841 TRACE [http-nio-8080-exec-9] [o.h.type.descriptor.sql.BasicExtractor] - extracted value ([extensio4_0_1_] : [VARCHAR]) - [jpg]
2023-08-21 21:22:20.841 TRACE [http-nio-8080-exec-9] [o.h.type.descriptor.sql.BasicExtractor] - extracted value ([file_siz5_0_1_] : [BIGINT]) - [286511]
2023-08-21 21:22:20.841 TRACE [http-nio-8080-exec-9] [o.h.type.descriptor.sql.BasicExtractor] - extracted value ([file_url6_0_1_] : [VARCHAR]) - [https://dnd9th-3.s3.ap-northeast-2.amazonaws.com/images/58185a5d-c2d4-4109-9e54-a415b5a12fc2bc76ffcb-bd5d-4e03-8575-8e9b84d94778.jpg]
2023-08-21 21:22:20.841 TRACE [http-nio-8080-exec-9] [o.h.type.descriptor.sql.BasicExtractor] - extracted value ([new_name7_0_1_] : [VARCHAR]) - [bc76ffcb-bd5d-4e03-8575-8e9b84d94778.jpg]
2023-08-21 21:22:20.841 TRACE [http-nio-8080-exec-9] [o.h.type.descriptor.sql.BasicExtractor] - extracted value ([origin_n8_0_1_] : [VARCHAR]) - [202212008462_500.jpg]
2023-08-21 21:22:20.841 TRACE [http-nio-8080-exec-9] [o.h.type.descriptor.sql.BasicExtractor] - extracted value ([record_i9_0_1_] : [BIGINT]) - [1]
2023-08-21 21:22:20.841 TRACE [http-nio-8080-exec-9] [o.h.type.descriptor.sql.BasicExtractor] - extracted value ([user_id10_0_1_] : [BIGINT]) - [1]
2023-08-21 21:22:20.841 TRACE [http-nio-8080-exec-9] [o.h.type.descriptor.sql.BasicExtractor] - extracted value ([record_i9_0_0__] : [BIGINT]) - [1]
2023-08-21 21:22:20.841 TRACE [http-nio-8080-exec-9] [o.h.type.descriptor.sql.BasicExtractor] - extracted value ([file_id1_0_0__] : [BIGINT]) - [1]
2023-08-21 21:22:35.073 INFO  [http-nio-8080-exec-10] [c.d.g.g.t.filter.JwtAuthenticationFilter] - [JwtAuthenticationFilter] accessToken : eyJhbGciOiJIUzM4NCJ9.eyJyb2xlIjoi7ZWc7ZW07JqpIiwidXNlcklkIjoxLCJpYXQiOjE2OTI2MjA0MDYsImV4cCI6MTY5MjYyMjIwNn0.CX5jdWiPyHV5VTSDbVKsu8VXJMqXE_ueA870Kfe09f1NMrYCOWuGU_XPjvmsuYUo
2023-08-21 21:22:35.087 DEBUG [http-nio-8080-exec-10] [org.hibernate.SQL] - 
    /* select
        distinct record 
    from
        Record record   
    inner join
        fetch record.files as file 
    where
        record.user.id = ?1 
        and DATE_FORMAT(record.recordDate, ?2) = ?3 
    order by
        record.recordDate desc */ select
            distinct record0_.record_id as record_i1_1_0_,
            files1_.file_id as file_id1_0_1_,
            record0_.created_date as created_2_1_0_,
            record0_.last_modified_date as last_mod3_1_0_,
            record0_.description as descript4_1_0_,
            record0_.place_latitude as place_la5_1_0_,
            record0_.place_longitude as place_lo6_1_0_,
            record0_.place_title as place_ti7_1_0_,
            record0_.record_date as record_d8_1_0_,
            record0_.record_open as record_o9_1_0_,
            record0_.record_score as record_10_1_0_,
            record0_.thumbnail_url as thumbna11_1_0_,
            record0_.title as title12_1_0_,
            record0_.user_id as user_id13_1_0_,
            files1_.created_date as created_2_0_1_,
            files1_.last_modified_date as last_mod3_0_1_,
            files1_.extension as extensio4_0_1_,
            files1_.file_size as file_siz5_0_1_,
            files1_.file_url as file_url6_0_1_,
            files1_.new_name as new_name7_0_1_,
            files1_.origin_name as origin_n8_0_1_,
            files1_.record_id as record_i9_0_1_,
            files1_.user_id as user_id10_0_1_,
            files1_.record_id as record_i9_0_0__,
            files1_.file_id as file_id1_0_0__ 
        from
            record record0_ 
        inner join
            file files1_ 
                on record0_.record_id=files1_.record_id 
        where
            record0_.user_id=? 
            and date_format(record0_.record_date, ?)=? 
        order by
            record0_.record_date desc
2023-08-21 21:22:35.087 TRACE [http-nio-8080-exec-10] [o.h.type.descriptor.sql.BasicBinder] - binding parameter [1] as [BIGINT] - [1]
2023-08-21 21:22:35.087 TRACE [http-nio-8080-exec-10] [o.h.type.descriptor.sql.BasicBinder] - binding parameter [2] as [VARCHAR] - [%Y%m]
2023-08-21 21:22:35.087 TRACE [http-nio-8080-exec-10] [o.h.type.descriptor.sql.BasicBinder] - binding parameter [3] as [VARCHAR] - [202308]
2023-08-21 21:22:35.089 TRACE [http-nio-8080-exec-10] [o.h.type.descriptor.sql.BasicExtractor] - extracted value ([record_i1_1_0_] : [BIGINT]) - [1]
2023-08-21 21:22:35.089 TRACE [http-nio-8080-exec-10] [o.h.type.descriptor.sql.BasicExtractor] - extracted value ([file_id1_0_1_] : [BIGINT]) - [1]
2023-08-21 21:22:35.089 TRACE [http-nio-8080-exec-10] [o.h.type.descriptor.sql.BasicExtractor] - extracted value ([created_2_1_0_] : [TIMESTAMP]) - [2023-08-21T21:20:33]
2023-08-21 21:22:35.089 TRACE [http-nio-8080-exec-10] [o.h.type.descriptor.sql.BasicExtractor] - extracted value ([last_mod3_1_0_] : [TIMESTAMP]) - [2023-08-21T21:20:33]
2023-08-21 21:22:35.089 TRACE [http-nio-8080-exec-10] [o.h.type.descriptor.sql.BasicExtractor] - extracted value ([descript4_1_0_] : [VARCHAR]) - [설명입니다.]
2023-08-21 21:22:35.089 TRACE [http-nio-8080-exec-10] [o.h.type.descriptor.sql.BasicExtractor] - extracted value ([place_la5_1_0_] : [DOUBLE]) - [37.541037]
2023-08-21 21:22:35.089 TRACE [http-nio-8080-exec-10] [o.h.type.descriptor.sql.BasicExtractor] - extracted value ([place_lo6_1_0_] : [DOUBLE]) - [127.077944]
2023-08-21 21:22:35.089 TRACE [http-nio-8080-exec-10] [o.h.type.descriptor.sql.BasicExtractor] - extracted value ([place_ti7_1_0_] : [VARCHAR]) - [을왕]
2023-08-21 21:22:35.089 TRACE [http-nio-8080-exec-10] [o.h.type.descriptor.sql.BasicExtractor] - extracted value ([record_d8_1_0_] : [TIMESTAMP]) - [2023-08-10T12:28:55]
2023-08-21 21:22:35.089 TRACE [http-nio-8080-exec-10] [o.h.type.descriptor.sql.BasicExtractor] - extracted value ([record_o9_1_0_] : [VARCHAR]) - [PRIVATE]
2023-08-21 21:22:35.089 TRACE [http-nio-8080-exec-10] [o.h.type.descriptor.sql.BasicExtractor] - extracted value ([record_10_1_0_] : [INTEGER]) - [20]
2023-08-21 21:22:35.089 TRACE [http-nio-8080-exec-10] [o.h.type.descriptor.sql.BasicExtractor] - extracted value ([thumbna11_1_0_] : [VARCHAR]) - [https://dnd9th-3.s3.ap-northeast-2.amazonaws.com/images/58185a5d-c2d4-4109-9e54-a415b5a12fc2bc76ffcb-bd5d-4e03-8575-8e9b84d94778.jpg]
2023-08-21 21:22:35.089 TRACE [http-nio-8080-exec-10] [o.h.type.descriptor.sql.BasicExtractor] - extracted value ([title12_1_0_] : [VARCHAR]) - [제목1]
2023-08-21 21:22:35.090 TRACE [http-nio-8080-exec-10] [o.h.type.descriptor.sql.BasicExtractor] - extracted value ([user_id13_1_0_] : [BIGINT]) - [1]
2023-08-21 21:22:35.090 TRACE [http-nio-8080-exec-10] [o.h.type.descriptor.sql.BasicExtractor] - extracted value ([created_2_0_1_] : [TIMESTAMP]) - [2023-08-21T21:20:34]
2023-08-21 21:22:35.090 TRACE [http-nio-8080-exec-10] [o.h.type.descriptor.sql.BasicExtractor] - extracted value ([last_mod3_0_1_] : [TIMESTAMP]) - [2023-08-21T21:20:34]
2023-08-21 21:22:35.090 TRACE [http-nio-8080-exec-10] [o.h.type.descriptor.sql.BasicExtractor] - extracted value ([extensio4_0_1_] : [VARCHAR]) - [jpg]
2023-08-21 21:22:35.090 TRACE [http-nio-8080-exec-10] [o.h.type.descriptor.sql.BasicExtractor] - extracted value ([file_siz5_0_1_] : [BIGINT]) - [286511]
2023-08-21 21:22:35.090 TRACE [http-nio-8080-exec-10] [o.h.type.descriptor.sql.BasicExtractor] - extracted value ([file_url6_0_1_] : [VARCHAR]) - [https://dnd9th-3.s3.ap-northeast-2.amazonaws.com/images/58185a5d-c2d4-4109-9e54-a415b5a12fc2bc76ffcb-bd5d-4e03-8575-8e9b84d94778.jpg]
2023-08-21 21:22:35.090 TRACE [http-nio-8080-exec-10] [o.h.type.descriptor.sql.BasicExtractor] - extracted value ([new_name7_0_1_] : [VARCHAR]) - [bc76ffcb-bd5d-4e03-8575-8e9b84d94778.jpg]
2023-08-21 21:22:35.090 TRACE [http-nio-8080-exec-10] [o.h.type.descriptor.sql.BasicExtractor] - extracted value ([origin_n8_0_1_] : [VARCHAR]) - [202212008462_500.jpg]
2023-08-21 21:22:35.090 TRACE [http-nio-8080-exec-10] [o.h.type.descriptor.sql.BasicExtractor] - extracted value ([record_i9_0_1_] : [BIGINT]) - [1]
2023-08-21 21:22:35.090 TRACE [http-nio-8080-exec-10] [o.h.type.descriptor.sql.BasicExtractor] - extracted value ([user_id10_0_1_] : [BIGINT]) - [1]
2023-08-21 21:22:35.090 TRACE [http-nio-8080-exec-10] [o.h.type.descriptor.sql.BasicExtractor] - extracted value ([record_i9_0_0__] : [BIGINT]) - [1]
2023-08-21 21:22:35.091 TRACE [http-nio-8080-exec-10] [o.h.type.descriptor.sql.BasicExtractor] - extracted value ([file_id1_0_0__] : [BIGINT]) - [1]
2023-08-21 21:22:54.575 INFO  [http-nio-8080-exec-3] [c.d.g.g.t.filter.JwtAuthenticationFilter] - [JwtAuthenticationFilter] accessToken : eyJhbGciOiJIUzM4NCJ9.eyJyb2xlIjoi7ZWc7ZW07JqpIiwidXNlcklkIjoxLCJpYXQiOjE2OTI2MjA0MDYsImV4cCI6MTY5MjYyMjIwNn0.CX5jdWiPyHV5VTSDbVKsu8VXJMqXE_ueA870Kfe09f1NMrYCOWuGU_XPjvmsuYUo
2023-08-21 21:22:56.749 DEBUG [http-nio-8080-exec-3] [org.hibernate.SQL] - 
    /* select
        distinct record 
    from
        Record record   
    inner join
        fetch record.files as file 
    where
        record.user.id = ?1 
        and record.id = ?2 */ select
            distinct record0_.record_id as record_i1_1_0_,
            files1_.file_id as file_id1_0_1_,
            record0_.created_date as created_2_1_0_,
            record0_.last_modified_date as last_mod3_1_0_,
            record0_.description as descript4_1_0_,
            record0_.place_latitude as place_la5_1_0_,
            record0_.place_longitude as place_lo6_1_0_,
            record0_.place_title as place_ti7_1_0_,
            record0_.record_date as record_d8_1_0_,
            record0_.record_open as record_o9_1_0_,
            record0_.record_score as record_10_1_0_,
            record0_.thumbnail_url as thumbna11_1_0_,
            record0_.title as title12_1_0_,
            record0_.user_id as user_id13_1_0_,
            files1_.created_date as created_2_0_1_,
            files1_.last_modified_date as last_mod3_0_1_,
            files1_.extension as extensio4_0_1_,
            files1_.file_size as file_siz5_0_1_,
            files1_.file_url as file_url6_0_1_,
            files1_.new_name as new_name7_0_1_,
            files1_.origin_name as origin_n8_0_1_,
            files1_.record_id as record_i9_0_1_,
            files1_.user_id as user_id10_0_1_,
            files1_.record_id as record_i9_0_0__,
            files1_.file_id as file_id1_0_0__ 
        from
            record record0_ 
        inner join
            file files1_ 
                on record0_.record_id=files1_.record_id 
        where
            record0_.user_id=? 
            and record0_.record_id=?
2023-08-21 21:22:56.750 TRACE [http-nio-8080-exec-3] [o.h.type.descriptor.sql.BasicBinder] - binding parameter [1] as [BIGINT] - [1]
2023-08-21 21:22:56.750 TRACE [http-nio-8080-exec-3] [o.h.type.descriptor.sql.BasicBinder] - binding parameter [2] as [BIGINT] - [1]
2023-08-21 21:22:56.751 TRACE [http-nio-8080-exec-3] [o.h.type.descriptor.sql.BasicExtractor] - extracted value ([record_i1_1_0_] : [BIGINT]) - [1]
2023-08-21 21:22:56.752 TRACE [http-nio-8080-exec-3] [o.h.type.descriptor.sql.BasicExtractor] - extracted value ([file_id1_0_1_] : [BIGINT]) - [1]
2023-08-21 21:22:56.752 TRACE [http-nio-8080-exec-3] [o.h.type.descriptor.sql.BasicExtractor] - extracted value ([created_2_1_0_] : [TIMESTAMP]) - [2023-08-21T21:20:33]
2023-08-21 21:22:56.752 TRACE [http-nio-8080-exec-3] [o.h.type.descriptor.sql.BasicExtractor] - extracted value ([last_mod3_1_0_] : [TIMESTAMP]) - [2023-08-21T21:20:33]
2023-08-21 21:22:56.752 TRACE [http-nio-8080-exec-3] [o.h.type.descriptor.sql.BasicExtractor] - extracted value ([descript4_1_0_] : [VARCHAR]) - [설명입니다.]
2023-08-21 21:22:56.752 TRACE [http-nio-8080-exec-3] [o.h.type.descriptor.sql.BasicExtractor] - extracted value ([place_la5_1_0_] : [DOUBLE]) - [37.541037]
2023-08-21 21:22:56.752 TRACE [http-nio-8080-exec-3] [o.h.type.descriptor.sql.BasicExtractor] - extracted value ([place_lo6_1_0_] : [DOUBLE]) - [127.077944]
2023-08-21 21:22:56.752 TRACE [http-nio-8080-exec-3] [o.h.type.descriptor.sql.BasicExtractor] - extracted value ([place_ti7_1_0_] : [VARCHAR]) - [을왕]
2023-08-21 21:22:56.753 TRACE [http-nio-8080-exec-3] [o.h.type.descriptor.sql.BasicExtractor] - extracted value ([record_d8_1_0_] : [TIMESTAMP]) - [2023-08-10T12:28:55]
2023-08-21 21:22:56.753 TRACE [http-nio-8080-exec-3] [o.h.type.descriptor.sql.BasicExtractor] - extracted value ([record_o9_1_0_] : [VARCHAR]) - [PRIVATE]
2023-08-21 21:22:56.753 TRACE [http-nio-8080-exec-3] [o.h.type.descriptor.sql.BasicExtractor] - extracted value ([record_10_1_0_] : [INTEGER]) - [20]
2023-08-21 21:22:56.753 TRACE [http-nio-8080-exec-3] [o.h.type.descriptor.sql.BasicExtractor] - extracted value ([thumbna11_1_0_] : [VARCHAR]) - [https://dnd9th-3.s3.ap-northeast-2.amazonaws.com/images/58185a5d-c2d4-4109-9e54-a415b5a12fc2bc76ffcb-bd5d-4e03-8575-8e9b84d94778.jpg]
2023-08-21 21:22:56.753 TRACE [http-nio-8080-exec-3] [o.h.type.descriptor.sql.BasicExtractor] - extracted value ([title12_1_0_] : [VARCHAR]) - [제목1]
2023-08-21 21:22:56.753 TRACE [http-nio-8080-exec-3] [o.h.type.descriptor.sql.BasicExtractor] - extracted value ([user_id13_1_0_] : [BIGINT]) - [1]
2023-08-21 21:22:56.753 TRACE [http-nio-8080-exec-3] [o.h.type.descriptor.sql.BasicExtractor] - extracted value ([created_2_0_1_] : [TIMESTAMP]) - [2023-08-21T21:20:34]
2023-08-21 21:22:56.753 TRACE [http-nio-8080-exec-3] [o.h.type.descriptor.sql.BasicExtractor] - extracted value ([last_mod3_0_1_] : [TIMESTAMP]) - [2023-08-21T21:20:34]
2023-08-21 21:22:56.753 TRACE [http-nio-8080-exec-3] [o.h.type.descriptor.sql.BasicExtractor] - extracted value ([extensio4_0_1_] : [VARCHAR]) - [jpg]
2023-08-21 21:22:56.753 TRACE [http-nio-8080-exec-3] [o.h.type.descriptor.sql.BasicExtractor] - extracted value ([file_siz5_0_1_] : [BIGINT]) - [286511]
2023-08-21 21:22:56.753 TRACE [http-nio-8080-exec-3] [o.h.type.descriptor.sql.BasicExtractor] - extracted value ([file_url6_0_1_] : [VARCHAR]) - [https://dnd9th-3.s3.ap-northeast-2.amazonaws.com/images/58185a5d-c2d4-4109-9e54-a415b5a12fc2bc76ffcb-bd5d-4e03-8575-8e9b84d94778.jpg]
2023-08-21 21:22:56.753 TRACE [http-nio-8080-exec-3] [o.h.type.descriptor.sql.BasicExtractor] - extracted value ([new_name7_0_1_] : [VARCHAR]) - [bc76ffcb-bd5d-4e03-8575-8e9b84d94778.jpg]
2023-08-21 21:22:56.753 TRACE [http-nio-8080-exec-3] [o.h.type.descriptor.sql.BasicExtractor] - extracted value ([origin_n8_0_1_] : [VARCHAR]) - [202212008462_500.jpg]
2023-08-21 21:22:56.753 TRACE [http-nio-8080-exec-3] [o.h.type.descriptor.sql.BasicExtractor] - extracted value ([record_i9_0_1_] : [BIGINT]) - [1]
2023-08-21 21:22:56.753 TRACE [http-nio-8080-exec-3] [o.h.type.descriptor.sql.BasicExtractor] - extracted value ([user_id10_0_1_] : [BIGINT]) - [1]
2023-08-21 21:22:56.755 TRACE [http-nio-8080-exec-3] [o.h.type.descriptor.sql.BasicExtractor] - extracted value ([record_i9_0_0__] : [BIGINT]) - [1]
2023-08-21 21:22:56.755 TRACE [http-nio-8080-exec-3] [o.h.type.descriptor.sql.BasicExtractor] - extracted value ([file_id1_0_0__] : [BIGINT]) - [1]
2023-08-21 21:23:18.706 WARN  [HikariPool-1 housekeeper] [com.zaxxer.hikari.pool.HikariPool] - HikariPool-1 - Thread starvation or clock leap detected (housekeeper delta=50s509ms218µs200ns).
2023-08-21 21:23:18.788 DEBUG [http-nio-8080-exec-3] [org.hibernate.SQL] - 
    select
        record0_.record_id as record_i1_1_0_,
        record0_.created_date as created_2_1_0_,
        record0_.last_modified_date as last_mod3_1_0_,
        record0_.description as descript4_1_0_,
        record0_.place_latitude as place_la5_1_0_,
        record0_.place_longitude as place_lo6_1_0_,
        record0_.place_title as place_ti7_1_0_,
        record0_.record_date as record_d8_1_0_,
        record0_.record_open as record_o9_1_0_,
        record0_.record_score as record_10_1_0_,
        record0_.thumbnail_url as thumbna11_1_0_,
        record0_.title as title12_1_0_,
        record0_.user_id as user_id13_1_0_ 
    from
        record record0_ 
    where
        record0_.record_id=?
2023-08-21 21:23:18.788 TRACE [http-nio-8080-exec-3] [o.h.type.descriptor.sql.BasicBinder] - binding parameter [1] as [BIGINT] - [1]
2023-08-21 21:23:18.796 TRACE [http-nio-8080-exec-3] [o.h.type.descriptor.sql.BasicExtractor] - extracted value ([created_2_1_0_] : [TIMESTAMP]) - [2023-08-21T21:20:33]
2023-08-21 21:23:18.796 TRACE [http-nio-8080-exec-3] [o.h.type.descriptor.sql.BasicExtractor] - extracted value ([last_mod3_1_0_] : [TIMESTAMP]) - [2023-08-21T21:20:33]
2023-08-21 21:23:18.797 TRACE [http-nio-8080-exec-3] [o.h.type.descriptor.sql.BasicExtractor] - extracted value ([descript4_1_0_] : [VARCHAR]) - [설명입니다.]
2023-08-21 21:23:18.797 TRACE [http-nio-8080-exec-3] [o.h.type.descriptor.sql.BasicExtractor] - extracted value ([place_la5_1_0_] : [DOUBLE]) - [37.541037]
2023-08-21 21:23:18.797 TRACE [http-nio-8080-exec-3] [o.h.type.descriptor.sql.BasicExtractor] - extracted value ([place_lo6_1_0_] : [DOUBLE]) - [127.077944]
2023-08-21 21:23:18.797 TRACE [http-nio-8080-exec-3] [o.h.type.descriptor.sql.BasicExtractor] - extracted value ([place_ti7_1_0_] : [VARCHAR]) - [을왕]
2023-08-21 21:23:18.798 TRACE [http-nio-8080-exec-3] [o.h.type.descriptor.sql.BasicExtractor] - extracted value ([record_d8_1_0_] : [TIMESTAMP]) - [2023-08-10T12:28:55]
2023-08-21 21:23:18.798 TRACE [http-nio-8080-exec-3] [o.h.type.descriptor.sql.BasicExtractor] - extracted value ([record_o9_1_0_] : [VARCHAR]) - [PRIVATE]
2023-08-21 21:23:18.798 TRACE [http-nio-8080-exec-3] [o.h.type.descriptor.sql.BasicExtractor] - extracted value ([record_10_1_0_] : [INTEGER]) - [20]
2023-08-21 21:23:18.798 TRACE [http-nio-8080-exec-3] [o.h.type.descriptor.sql.BasicExtractor] - extracted value ([thumbna11_1_0_] : [VARCHAR]) - [https://dnd9th-3.s3.ap-northeast-2.amazonaws.com/images/58185a5d-c2d4-4109-9e54-a415b5a12fc2bc76ffcb-bd5d-4e03-8575-8e9b84d94778.jpg]
2023-08-21 21:23:18.798 TRACE [http-nio-8080-exec-3] [o.h.type.descriptor.sql.BasicExtractor] - extracted value ([title12_1_0_] : [VARCHAR]) - [제목1]
2023-08-21 21:23:18.798 TRACE [http-nio-8080-exec-3] [o.h.type.descriptor.sql.BasicExtractor] - extracted value ([user_id13_1_0_] : [BIGINT]) - [1]
2023-08-21 21:23:18.800 TRACE [http-nio-8080-exec-3] [org.hibernate.type.CollectionType] - Created collection wrapper: [com.dnd.gooding.domain.record.model.Record.files#1]
2023-08-21 21:23:18.812 DEBUG [http-nio-8080-exec-3] [org.hibernate.SQL] - 
    /* load com.dnd.gooding.domain.file.model.File */ select
        file0_.file_id as file_id1_0_0_,
        file0_.created_date as created_2_0_0_,
        file0_.last_modified_date as last_mod3_0_0_,
        file0_.extension as extensio4_0_0_,
        file0_.file_size as file_siz5_0_0_,
        file0_.file_url as file_url6_0_0_,
        file0_.new_name as new_name7_0_0_,
        file0_.origin_name as origin_n8_0_0_,
        file0_.record_id as record_i9_0_0_,
        file0_.user_id as user_id10_0_0_ 
    from
        file file0_ 
    where
        file0_.file_id=?
2023-08-21 21:23:18.813 TRACE [http-nio-8080-exec-3] [o.h.type.descriptor.sql.BasicBinder] - binding parameter [1] as [BIGINT] - [1]
2023-08-21 21:23:18.814 TRACE [http-nio-8080-exec-3] [o.h.type.descriptor.sql.BasicExtractor] - extracted value ([created_2_0_0_] : [TIMESTAMP]) - [2023-08-21T21:20:34]
2023-08-21 21:23:18.814 TRACE [http-nio-8080-exec-3] [o.h.type.descriptor.sql.BasicExtractor] - extracted value ([last_mod3_0_0_] : [TIMESTAMP]) - [2023-08-21T21:20:34]
2023-08-21 21:23:18.815 TRACE [http-nio-8080-exec-3] [o.h.type.descriptor.sql.BasicExtractor] - extracted value ([extensio4_0_0_] : [VARCHAR]) - [jpg]
2023-08-21 21:23:18.815 TRACE [http-nio-8080-exec-3] [o.h.type.descriptor.sql.BasicExtractor] - extracted value ([file_siz5_0_0_] : [BIGINT]) - [286511]
2023-08-21 21:23:18.815 TRACE [http-nio-8080-exec-3] [o.h.type.descriptor.sql.BasicExtractor] - extracted value ([file_url6_0_0_] : [VARCHAR]) - [https://dnd9th-3.s3.ap-northeast-2.amazonaws.com/images/58185a5d-c2d4-4109-9e54-a415b5a12fc2bc76ffcb-bd5d-4e03-8575-8e9b84d94778.jpg]
2023-08-21 21:23:18.815 TRACE [http-nio-8080-exec-3] [o.h.type.descriptor.sql.BasicExtractor] - extracted value ([new_name7_0_0_] : [VARCHAR]) - [bc76ffcb-bd5d-4e03-8575-8e9b84d94778.jpg]
2023-08-21 21:23:18.815 TRACE [http-nio-8080-exec-3] [o.h.type.descriptor.sql.BasicExtractor] - extracted value ([origin_n8_0_0_] : [VARCHAR]) - [202212008462_500.jpg]
2023-08-21 21:23:18.815 TRACE [http-nio-8080-exec-3] [o.h.type.descriptor.sql.BasicExtractor] - extracted value ([record_i9_0_0_] : [BIGINT]) - [1]
2023-08-21 21:23:18.815 TRACE [http-nio-8080-exec-3] [o.h.type.descriptor.sql.BasicExtractor] - extracted value ([user_id10_0_0_] : [BIGINT]) - [1]
2023-08-21 21:23:18.819 DEBUG [http-nio-8080-exec-3] [org.hibernate.SQL] - 
    /* load one-to-many com.dnd.gooding.domain.record.model.Record.files */ select
        files0_.record_id as record_i9_0_1_,
        files0_.file_id as file_id1_0_1_,
        files0_.file_id as file_id1_0_0_,
        files0_.created_date as created_2_0_0_,
        files0_.last_modified_date as last_mod3_0_0_,
        files0_.extension as extensio4_0_0_,
        files0_.file_size as file_siz5_0_0_,
        files0_.file_url as file_url6_0_0_,
        files0_.new_name as new_name7_0_0_,
        files0_.origin_name as origin_n8_0_0_,
        files0_.record_id as record_i9_0_0_,
        files0_.user_id as user_id10_0_0_ 
    from
        file files0_ 
    where
        files0_.record_id=?
2023-08-21 21:23:18.819 TRACE [http-nio-8080-exec-3] [o.h.type.descriptor.sql.BasicBinder] - binding parameter [1] as [BIGINT] - [1]
2023-08-21 21:23:18.820 TRACE [http-nio-8080-exec-3] [o.h.type.descriptor.sql.BasicExtractor] - extracted value ([file_id1_0_0_] : [BIGINT]) - [1]
2023-08-21 21:23:18.820 TRACE [http-nio-8080-exec-3] [o.h.type.descriptor.sql.BasicExtractor] - extracted value ([record_i9_0_1_] : [BIGINT]) - [1]
2023-08-21 21:23:18.820 TRACE [http-nio-8080-exec-3] [o.h.type.descriptor.sql.BasicExtractor] - extracted value ([file_id1_0_1_] : [BIGINT]) - [1]
2023-08-21 21:23:18.831 DEBUG [http-nio-8080-exec-3] [org.hibernate.SQL] - 
    /* delete com.dnd.gooding.domain.file.model.File */ delete 
        from
            file 
        where
            file_id=?
2023-08-21 21:23:18.831 TRACE [http-nio-8080-exec-3] [o.h.type.descriptor.sql.BasicBinder] - binding parameter [1] as [BIGINT] - [1]
2023-08-21 21:23:18.834 DEBUG [http-nio-8080-exec-3] [org.hibernate.SQL] - 
    /* delete com.dnd.gooding.domain.record.model.Record */ delete 
        from
            record 
        where
            record_id=?
2023-08-21 21:23:18.834 TRACE [http-nio-8080-exec-3] [o.h.type.descriptor.sql.BasicBinder] - binding parameter [1] as [BIGINT] - [1]
2023-08-21 21:23:59.330 INFO  [http-nio-8080-exec-2] [c.d.g.g.t.filter.JwtAuthenticationFilter] - [JwtAuthenticationFilter] accessToken : null
2023-08-21 21:23:59.378 INFO  [http-nio-8080-exec-4] [c.d.g.g.t.filter.JwtAuthenticationFilter] - [JwtAuthenticationFilter] accessToken : null
2023-08-21 21:23:59.378 INFO  [http-nio-8080-exec-1] [c.d.g.g.t.filter.JwtAuthenticationFilter] - [JwtAuthenticationFilter] accessToken : null
2023-08-21 21:23:59.379 INFO  [http-nio-8080-exec-6] [c.d.g.g.t.filter.JwtAuthenticationFilter] - [JwtAuthenticationFilter] accessToken : null
2023-08-21 21:23:59.381 INFO  [http-nio-8080-exec-5] [c.d.g.g.t.filter.JwtAuthenticationFilter] - [JwtAuthenticationFilter] accessToken : null
2023-08-21 21:23:59.381 INFO  [http-nio-8080-exec-7] [c.d.g.g.t.filter.JwtAuthenticationFilter] - [JwtAuthenticationFilter] accessToken : null
2023-08-21 21:23:59.638 INFO  [http-nio-8080-exec-8] [c.d.g.g.t.filter.JwtAuthenticationFilter] - [JwtAuthenticationFilter] accessToken : null
2023-08-21 21:23:59.639 INFO  [http-nio-8080-exec-9] [c.d.g.g.t.filter.JwtAuthenticationFilter] - [JwtAuthenticationFilter] accessToken : null
2023-08-21 21:23:59.664 INFO  [http-nio-8080-exec-10] [c.d.g.g.t.filter.JwtAuthenticationFilter] - [JwtAuthenticationFilter] accessToken : null
2023-08-21 21:24:00.084 INFO  [http-nio-8080-exec-10] [o.springdoc.api.AbstractOpenApiResource] - Init duration for springdoc-openapi is: 409 ms
2023-08-21 21:24:02.575 INFO  [http-nio-8080-exec-3] [c.d.g.g.t.filter.JwtAuthenticationFilter] - [JwtAuthenticationFilter] accessToken : null
2023-08-21 21:24:02.707 INFO  [http-nio-8080-exec-3] [o.springdoc.api.AbstractOpenApiResource] - Init duration for springdoc-openapi is: 130 ms
