2023-08-20 22:38:38.123 INFO  [background-preinit] [o.h.validator.internal.util.Version] - HV000001: Hibernate Validator 6.2.5.Final
2023-08-20 22:38:38.133 INFO  [restartedMain] [com.dnd.gooding.GoodingApplication] - Starting GoodingApplication using Java 17.0.5 on DESKTOP-402MEK7 with PID 19448 (C:\intellij-workspace\dnd-9th-3-backend\build\classes\java\main started by user in C:\intellij-workspace\dnd-9th-3-backend)
2023-08-20 22:38:38.134 INFO  [restartedMain] [com.dnd.gooding.GoodingApplication] - The following 2 profiles are active: "cloud", "local"
2023-08-20 22:38:38.220 INFO  [restartedMain] [o.s.b.d.e.DevToolsPropertyDefaultsPostProcessor] - Devtools property defaults active! Set 'spring.devtools.add-properties' to 'false' to disable
2023-08-20 22:38:38.221 INFO  [restartedMain] [o.s.b.d.e.DevToolsPropertyDefaultsPostProcessor] - For additional web related logging consider setting the 'logging.level.web' property to 'DEBUG'
2023-08-20 22:38:40.039 INFO  [restartedMain] [o.s.d.r.c.RepositoryConfigurationDelegate] - Multiple Spring Data modules found, entering strict repository configuration mode
2023-08-20 22:38:40.042 INFO  [restartedMain] [o.s.d.r.c.RepositoryConfigurationDelegate] - Bootstrapping Spring Data JPA repositories in DEFAULT mode.
2023-08-20 22:38:40.262 INFO  [restartedMain] [o.s.d.r.c.RepositoryConfigurationExtensionSupport] - Spring Data JPA - Could not safely identify store assignment for repository candidate interface com.dnd.gooding.global.token.repository.RefreshTokenRepository; If you want this repository to be a JPA repository, consider annotating your entities with one of these annotations: javax.persistence.Entity, javax.persistence.MappedSuperclass (preferred), or consider extending one of the following types with your repository: org.springframework.data.jpa.repository.JpaRepository
2023-08-20 22:38:40.297 INFO  [restartedMain] [o.s.d.r.c.RepositoryConfigurationDelegate] - Finished Spring Data repository scanning in 243 ms. Found 3 JPA repository interfaces.
2023-08-20 22:38:40.316 INFO  [restartedMain] [o.s.d.r.c.RepositoryConfigurationDelegate] - Multiple Spring Data modules found, entering strict repository configuration mode
2023-08-20 22:38:40.318 INFO  [restartedMain] [o.s.d.r.c.RepositoryConfigurationDelegate] - Bootstrapping Spring Data Redis repositories in DEFAULT mode.
2023-08-20 22:38:40.352 INFO  [restartedMain] [o.s.d.r.c.RepositoryConfigurationExtensionSupport] - Spring Data Redis - Could not safely identify store assignment for repository candidate interface com.dnd.gooding.domain.file.repository.FileRepository; If you want this repository to be a Redis repository, consider annotating your entities with one of these annotations: org.springframework.data.redis.core.RedisHash (preferred), or consider extending one of the following types with your repository: org.springframework.data.keyvalue.repository.KeyValueRepository
2023-08-20 22:38:40.353 INFO  [restartedMain] [o.s.d.r.c.RepositoryConfigurationExtensionSupport] - Spring Data Redis - Could not safely identify store assignment for repository candidate interface com.dnd.gooding.domain.record.repository.RecordRepository; If you want this repository to be a Redis repository, consider annotating your entities with one of these annotations: org.springframework.data.redis.core.RedisHash (preferred), or consider extending one of the following types with your repository: org.springframework.data.keyvalue.repository.KeyValueRepository
2023-08-20 22:38:40.353 INFO  [restartedMain] [o.s.d.r.c.RepositoryConfigurationExtensionSupport] - Spring Data Redis - Could not safely identify store assignment for repository candidate interface com.dnd.gooding.domain.user.repository.UserRepository; If you want this repository to be a Redis repository, consider annotating your entities with one of these annotations: org.springframework.data.redis.core.RedisHash (preferred), or consider extending one of the following types with your repository: org.springframework.data.keyvalue.repository.KeyValueRepository
2023-08-20 22:38:40.373 INFO  [restartedMain] [o.s.d.r.c.RepositoryConfigurationDelegate] - Finished Spring Data repository scanning in 43 ms. Found 1 Redis repository interfaces.
2023-08-20 22:38:40.709 WARN  [restartedMain] [c.a.i.InstanceMetadataServiceResourceFetcher] - Fail to retrieve token 
com.amazonaws.SdkClientException: Failed to connect to service endpoint: 
	at com.amazonaws.internal.EC2ResourceFetcher.doReadResource(EC2ResourceFetcher.java:100)
	at com.amazonaws.internal.InstanceMetadataServiceResourceFetcher.getToken(InstanceMetadataServiceResourceFetcher.java:91)
	at com.amazonaws.internal.InstanceMetadataServiceResourceFetcher.readResource(InstanceMetadataServiceResourceFetcher.java:69)
	at com.amazonaws.internal.EC2ResourceFetcher.readResource(EC2ResourceFetcher.java:66)
	at com.amazonaws.util.EC2MetadataUtils.getItems(EC2MetadataUtils.java:402)
	at com.amazonaws.util.EC2MetadataUtils.getData(EC2MetadataUtils.java:371)
	at org.springframework.cloud.aws.context.support.env.AwsCloudEnvironmentCheckUtils.isRunningOnCloudEnvironment(AwsCloudEnvironmentCheckUtils.java:38)
	at org.springframework.cloud.aws.context.annotation.OnAwsCloudEnvironmentCondition.matches(OnAwsCloudEnvironmentCondition.java:38)
	at org.springframework.context.annotation.ConditionEvaluator.shouldSkip(ConditionEvaluator.java:108)
	at org.springframework.context.annotation.ConfigurationClassBeanDefinitionReader$TrackedConditionEvaluator.shouldSkip(ConfigurationClassBeanDefinitionReader.java:489)
	at org.springframework.context.annotation.ConfigurationClassBeanDefinitionReader.loadBeanDefinitionsForConfigurationClass(ConfigurationClassBeanDefinitionReader.java:140)
	at org.springframework.context.annotation.ConfigurationClassBeanDefinitionReader.loadBeanDefinitions(ConfigurationClassBeanDefinitionReader.java:129)
	at org.springframework.context.annotation.ConfigurationClassPostProcessor.processConfigBeanDefinitions(ConfigurationClassPostProcessor.java:343)
	at org.springframework.context.annotation.ConfigurationClassPostProcessor.postProcessBeanDefinitionRegistry(ConfigurationClassPostProcessor.java:247)
	at org.springframework.context.support.PostProcessorRegistrationDelegate.invokeBeanDefinitionRegistryPostProcessors(PostProcessorRegistrationDelegate.java:311)
	at org.springframework.context.support.PostProcessorRegistrationDelegate.invokeBeanFactoryPostProcessors(PostProcessorRegistrationDelegate.java:112)
	at org.springframework.context.support.AbstractApplicationContext.invokeBeanFactoryPostProcessors(AbstractApplicationContext.java:746)
	at org.springframework.context.support.AbstractApplicationContext.refresh(AbstractApplicationContext.java:564)
	at org.springframework.boot.web.servlet.context.ServletWebServerApplicationContext.refresh(ServletWebServerApplicationContext.java:147)
	at org.springframework.boot.SpringApplication.refresh(SpringApplication.java:731)
	at org.springframework.boot.SpringApplication.refreshContext(SpringApplication.java:408)
	at org.springframework.boot.SpringApplication.run(SpringApplication.java:307)
	at org.springframework.boot.SpringApplication.run(SpringApplication.java:1303)
	at org.springframework.boot.SpringApplication.run(SpringApplication.java:1292)
	at com.dnd.gooding.GoodingApplication.main(GoodingApplication.java:35)
	at java.base/jdk.internal.reflect.NativeMethodAccessorImpl.invoke0(Native Method)
	at java.base/jdk.internal.reflect.NativeMethodAccessorImpl.invoke(NativeMethodAccessorImpl.java:77)
	at java.base/jdk.internal.reflect.DelegatingMethodAccessorImpl.invoke(DelegatingMethodAccessorImpl.java:43)
	at java.base/java.lang.reflect.Method.invoke(Method.java:568)
	at org.springframework.boot.devtools.restart.RestartLauncher.run(RestartLauncher.java:49)
Caused by: java.net.SocketException: Network is unreachable: no further information
	at java.base/sun.nio.ch.Net.pollConnect(Native Method)
	at java.base/sun.nio.ch.Net.pollConnectNow(Net.java:672)
	at java.base/sun.nio.ch.NioSocketImpl.timedFinishConnect(NioSocketImpl.java:542)
	at java.base/sun.nio.ch.NioSocketImpl.connect(NioSocketImpl.java:597)
	at java.base/java.net.Socket.connect(Socket.java:633)
	at java.base/sun.net.NetworkClient.doConnect(NetworkClient.java:178)
	at java.base/sun.net.www.http.HttpClient.openServer(HttpClient.java:532)
	at java.base/sun.net.www.http.HttpClient.openServer(HttpClient.java:637)
	at java.base/sun.net.www.http.HttpClient.<init>(HttpClient.java:280)
	at java.base/sun.net.www.http.HttpClient.New(HttpClient.java:385)
	at java.base/sun.net.www.http.HttpClient.New(HttpClient.java:407)
	at java.base/sun.net.www.protocol.http.HttpURLConnection.getNewHttpClient(HttpURLConnection.java:1309)
	at java.base/sun.net.www.protocol.http.HttpURLConnection.plainConnect0(HttpURLConnection.java:1287)
	at java.base/sun.net.www.protocol.http.HttpURLConnection.plainConnect(HttpURLConnection.java:1128)
	at java.base/sun.net.www.protocol.http.HttpURLConnection.connect(HttpURLConnection.java:1057)
	at com.amazonaws.internal.ConnectionUtils.connectToEndpoint(ConnectionUtils.java:52)
	at com.amazonaws.internal.EC2ResourceFetcher.doReadResource(EC2ResourceFetcher.java:80)
	... 29 common frames omitted
2023-08-20 22:38:40.710 WARN  [restartedMain] [com.amazonaws.util.EC2MetadataUtils] - Unable to retrieve the requested metadata (/latest/meta-data/instance-id). Failed to connect to service endpoint: 
com.amazonaws.SdkClientException: Failed to connect to service endpoint: 
	at com.amazonaws.internal.EC2ResourceFetcher.doReadResource(EC2ResourceFetcher.java:100)
	at com.amazonaws.internal.InstanceMetadataServiceResourceFetcher.getToken(InstanceMetadataServiceResourceFetcher.java:91)
	at com.amazonaws.internal.InstanceMetadataServiceResourceFetcher.readResource(InstanceMetadataServiceResourceFetcher.java:69)
	at com.amazonaws.internal.EC2ResourceFetcher.readResource(EC2ResourceFetcher.java:66)
	at com.amazonaws.util.EC2MetadataUtils.getItems(EC2MetadataUtils.java:402)
	at com.amazonaws.util.EC2MetadataUtils.getData(EC2MetadataUtils.java:371)
	at org.springframework.cloud.aws.context.support.env.AwsCloudEnvironmentCheckUtils.isRunningOnCloudEnvironment(AwsCloudEnvironmentCheckUtils.java:38)
	at org.springframework.cloud.aws.context.annotation.OnAwsCloudEnvironmentCondition.matches(OnAwsCloudEnvironmentCondition.java:38)
	at org.springframework.context.annotation.ConditionEvaluator.shouldSkip(ConditionEvaluator.java:108)
	at org.springframework.context.annotation.ConfigurationClassBeanDefinitionReader$TrackedConditionEvaluator.shouldSkip(ConfigurationClassBeanDefinitionReader.java:489)
	at org.springframework.context.annotation.ConfigurationClassBeanDefinitionReader.loadBeanDefinitionsForConfigurationClass(ConfigurationClassBeanDefinitionReader.java:140)
	at org.springframework.context.annotation.ConfigurationClassBeanDefinitionReader.loadBeanDefinitions(ConfigurationClassBeanDefinitionReader.java:129)
	at org.springframework.context.annotation.ConfigurationClassPostProcessor.processConfigBeanDefinitions(ConfigurationClassPostProcessor.java:343)
	at org.springframework.context.annotation.ConfigurationClassPostProcessor.postProcessBeanDefinitionRegistry(ConfigurationClassPostProcessor.java:247)
	at org.springframework.context.support.PostProcessorRegistrationDelegate.invokeBeanDefinitionRegistryPostProcessors(PostProcessorRegistrationDelegate.java:311)
	at org.springframework.context.support.PostProcessorRegistrationDelegate.invokeBeanFactoryPostProcessors(PostProcessorRegistrationDelegate.java:112)
	at org.springframework.context.support.AbstractApplicationContext.invokeBeanFactoryPostProcessors(AbstractApplicationContext.java:746)
	at org.springframework.context.support.AbstractApplicationContext.refresh(AbstractApplicationContext.java:564)
	at org.springframework.boot.web.servlet.context.ServletWebServerApplicationContext.refresh(ServletWebServerApplicationContext.java:147)
	at org.springframework.boot.SpringApplication.refresh(SpringApplication.java:731)
	at org.springframework.boot.SpringApplication.refreshContext(SpringApplication.java:408)
	at org.springframework.boot.SpringApplication.run(SpringApplication.java:307)
	at org.springframework.boot.SpringApplication.run(SpringApplication.java:1303)
	at org.springframework.boot.SpringApplication.run(SpringApplication.java:1292)
	at com.dnd.gooding.GoodingApplication.main(GoodingApplication.java:35)
	at java.base/jdk.internal.reflect.NativeMethodAccessorImpl.invoke0(Native Method)
	at java.base/jdk.internal.reflect.NativeMethodAccessorImpl.invoke(NativeMethodAccessorImpl.java:77)
	at java.base/jdk.internal.reflect.DelegatingMethodAccessorImpl.invoke(DelegatingMethodAccessorImpl.java:43)
	at java.base/java.lang.reflect.Method.invoke(Method.java:568)
	at org.springframework.boot.devtools.restart.RestartLauncher.run(RestartLauncher.java:49)
Caused by: java.net.SocketException: Network is unreachable: no further information
	at java.base/sun.nio.ch.Net.pollConnect(Native Method)
	at java.base/sun.nio.ch.Net.pollConnectNow(Net.java:672)
	at java.base/sun.nio.ch.NioSocketImpl.timedFinishConnect(NioSocketImpl.java:542)
	at java.base/sun.nio.ch.NioSocketImpl.connect(NioSocketImpl.java:597)
	at java.base/java.net.Socket.connect(Socket.java:633)
	at java.base/sun.net.NetworkClient.doConnect(NetworkClient.java:178)
	at java.base/sun.net.www.http.HttpClient.openServer(HttpClient.java:532)
	at java.base/sun.net.www.http.HttpClient.openServer(HttpClient.java:637)
	at java.base/sun.net.www.http.HttpClient.<init>(HttpClient.java:280)
	at java.base/sun.net.www.http.HttpClient.New(HttpClient.java:385)
	at java.base/sun.net.www.http.HttpClient.New(HttpClient.java:407)
	at java.base/sun.net.www.protocol.http.HttpURLConnection.getNewHttpClient(HttpURLConnection.java:1309)
	at java.base/sun.net.www.protocol.http.HttpURLConnection.plainConnect0(HttpURLConnection.java:1287)
	at java.base/sun.net.www.protocol.http.HttpURLConnection.plainConnect(HttpURLConnection.java:1128)
	at java.base/sun.net.www.protocol.http.HttpURLConnection.connect(HttpURLConnection.java:1057)
	at com.amazonaws.internal.ConnectionUtils.connectToEndpoint(ConnectionUtils.java:52)
	at com.amazonaws.internal.EC2ResourceFetcher.doReadResource(EC2ResourceFetcher.java:80)
	... 29 common frames omitted
2023-08-20 22:38:41.220 INFO  [restartedMain] [o.s.c.s.PostProcessorRegistrationDelegate$BeanPostProcessorChecker] - Bean '(inner bean)#8e93a18' of type [com.amazonaws.auth.BasicAWSCredentials] is not eligible for getting processed by all BeanPostProcessors (for example: not eligible for auto-proxying)
2023-08-20 22:38:41.228 INFO  [restartedMain] [o.s.c.s.PostProcessorRegistrationDelegate$BeanPostProcessorChecker] - Bean '(inner bean)#40d4f2a8' of type [com.amazonaws.auth.AWSStaticCredentialsProvider] is not eligible for getting processed by all BeanPostProcessors (for example: not eligible for auto-proxying)
2023-08-20 22:38:41.260 INFO  [restartedMain] [o.s.c.s.PostProcessorRegistrationDelegate$BeanPostProcessorChecker] - Bean '(inner bean)#6540b26f' of type [com.amazonaws.auth.profile.ProfileCredentialsProvider] is not eligible for getting processed by all BeanPostProcessors (for example: not eligible for auto-proxying)
2023-08-20 22:38:41.273 INFO  [restartedMain] [o.s.c.s.PostProcessorRegistrationDelegate$BeanPostProcessorChecker] - Bean 'credentialsProvider' of type [org.springframework.cloud.aws.core.credentials.CredentialsProviderFactoryBean] is not eligible for getting processed by all BeanPostProcessors (for example: not eligible for auto-proxying)
2023-08-20 22:38:41.274 INFO  [restartedMain] [o.s.c.s.PostProcessorRegistrationDelegate$BeanPostProcessorChecker] - Bean 'credentialsProvider' of type [com.amazonaws.auth.AWSCredentialsProviderChain] is not eligible for getting processed by all BeanPostProcessors (for example: not eligible for auto-proxying)
2023-08-20 22:38:42.409 INFO  [restartedMain] [o.s.b.w.embedded.tomcat.TomcatWebServer] - Tomcat initialized with port(s): 8080 (http)
2023-08-20 22:38:42.440 INFO  [restartedMain] [o.apache.coyote.http11.Http11NioProtocol] - Initializing ProtocolHandler ["http-nio-8080"]
2023-08-20 22:38:42.441 INFO  [restartedMain] [org.apache.catalina.core.StandardService] - Starting service [Tomcat]
2023-08-20 22:38:42.442 INFO  [restartedMain] [org.apache.catalina.core.StandardEngine] - Starting Servlet engine: [Apache Tomcat/9.0.71]
2023-08-20 22:38:42.721 INFO  [restartedMain] [o.a.c.c.C.[Tomcat].[localhost].[/]] - Initializing Spring embedded WebApplicationContext
2023-08-20 22:38:42.721 INFO  [restartedMain] [o.s.b.w.s.c.ServletWebServerApplicationContext] - Root WebApplicationContext: initialization completed in 4498 ms
2023-08-20 22:38:42.766 INFO  [restartedMain] [com.zaxxer.hikari.HikariDataSource] - HikariPool-1 - Starting...
2023-08-20 22:38:43.069 INFO  [restartedMain] [com.zaxxer.hikari.HikariDataSource] - HikariPool-1 - Start completed.
2023-08-20 22:38:43.080 INFO  [restartedMain] [o.s.b.a.h2.H2ConsoleAutoConfiguration] - H2 console available at '/h2-console'. Database available at 'jdbc:mysql://127.0.0.1:3306/labvpcrds'
2023-08-20 22:38:44.230 INFO  [restartedMain] [o.s.b.d.a.OptionalLiveReloadServer] - LiveReload server is running on port 35729
2023-08-20 22:38:44.446 INFO  [restartedMain] [o.hibernate.jpa.internal.util.LogHelper] - HHH000204: Processing PersistenceUnitInfo [name: default]
2023-08-20 22:38:44.658 INFO  [restartedMain] [org.hibernate.Version] - HHH000412: Hibernate ORM core version 5.6.14.Final
2023-08-20 22:38:44.994 INFO  [restartedMain] [org.hibernate.annotations.common.Version] - HCANN000001: Hibernate Commons Annotations {5.1.2.Final}
2023-08-20 22:38:45.048 DEBUG [restartedMain] [org.hibernate.type.BasicTypeRegistry] - Adding type registration boolean -> org.hibernate.type.BooleanType@7e4d74ea
2023-08-20 22:38:45.049 DEBUG [restartedMain] [org.hibernate.type.BasicTypeRegistry] - Adding type registration boolean -> org.hibernate.type.BooleanType@7e4d74ea
2023-08-20 22:38:45.049 DEBUG [restartedMain] [org.hibernate.type.BasicTypeRegistry] - Adding type registration java.lang.Boolean -> org.hibernate.type.BooleanType@7e4d74ea
2023-08-20 22:38:45.049 DEBUG [restartedMain] [org.hibernate.type.BasicTypeRegistry] - Adding type registration numeric_boolean -> org.hibernate.type.NumericBooleanType@7b841aae
2023-08-20 22:38:45.050 DEBUG [restartedMain] [org.hibernate.type.BasicTypeRegistry] - Adding type registration true_false -> org.hibernate.type.TrueFalseType@55913343
2023-08-20 22:38:45.050 DEBUG [restartedMain] [org.hibernate.type.BasicTypeRegistry] - Adding type registration yes_no -> org.hibernate.type.YesNoType@3db94e50
2023-08-20 22:38:45.051 DEBUG [restartedMain] [org.hibernate.type.BasicTypeRegistry] - Adding type registration byte -> org.hibernate.type.ByteType@4bd83b4d
2023-08-20 22:38:45.052 DEBUG [restartedMain] [org.hibernate.type.BasicTypeRegistry] - Adding type registration byte -> org.hibernate.type.ByteType@4bd83b4d
2023-08-20 22:38:45.052 DEBUG [restartedMain] [org.hibernate.type.BasicTypeRegistry] - Adding type registration java.lang.Byte -> org.hibernate.type.ByteType@4bd83b4d
2023-08-20 22:38:45.053 DEBUG [restartedMain] [org.hibernate.type.BasicTypeRegistry] - Adding type registration character -> org.hibernate.type.CharacterType@7364a5ed
2023-08-20 22:38:45.053 DEBUG [restartedMain] [org.hibernate.type.BasicTypeRegistry] - Adding type registration char -> org.hibernate.type.CharacterType@7364a5ed
2023-08-20 22:38:45.053 DEBUG [restartedMain] [org.hibernate.type.BasicTypeRegistry] - Adding type registration java.lang.Character -> org.hibernate.type.CharacterType@7364a5ed
2023-08-20 22:38:45.054 DEBUG [restartedMain] [org.hibernate.type.BasicTypeRegistry] - Adding type registration short -> org.hibernate.type.ShortType@1b1d4872
2023-08-20 22:38:45.054 DEBUG [restartedMain] [org.hibernate.type.BasicTypeRegistry] - Adding type registration short -> org.hibernate.type.ShortType@1b1d4872
2023-08-20 22:38:45.054 DEBUG [restartedMain] [org.hibernate.type.BasicTypeRegistry] - Adding type registration java.lang.Short -> org.hibernate.type.ShortType@1b1d4872
2023-08-20 22:38:45.055 DEBUG [restartedMain] [org.hibernate.type.BasicTypeRegistry] - Adding type registration integer -> org.hibernate.type.IntegerType@1c2c8067
2023-08-20 22:38:45.055 DEBUG [restartedMain] [org.hibernate.type.BasicTypeRegistry] - Adding type registration int -> org.hibernate.type.IntegerType@1c2c8067
2023-08-20 22:38:45.055 DEBUG [restartedMain] [org.hibernate.type.BasicTypeRegistry] - Adding type registration java.lang.Integer -> org.hibernate.type.IntegerType@1c2c8067
2023-08-20 22:38:45.057 DEBUG [restartedMain] [org.hibernate.type.BasicTypeRegistry] - Adding type registration long -> org.hibernate.type.LongType@fdd0040
2023-08-20 22:38:45.057 DEBUG [restartedMain] [org.hibernate.type.BasicTypeRegistry] - Adding type registration long -> org.hibernate.type.LongType@fdd0040
2023-08-20 22:38:45.057 DEBUG [restartedMain] [org.hibernate.type.BasicTypeRegistry] - Adding type registration java.lang.Long -> org.hibernate.type.LongType@fdd0040
2023-08-20 22:38:45.059 DEBUG [restartedMain] [org.hibernate.type.BasicTypeRegistry] - Adding type registration float -> org.hibernate.type.FloatType@50e20cac
2023-08-20 22:38:45.059 DEBUG [restartedMain] [org.hibernate.type.BasicTypeRegistry] - Adding type registration float -> org.hibernate.type.FloatType@50e20cac
2023-08-20 22:38:45.059 DEBUG [restartedMain] [org.hibernate.type.BasicTypeRegistry] - Adding type registration java.lang.Float -> org.hibernate.type.FloatType@50e20cac
2023-08-20 22:38:45.061 DEBUG [restartedMain] [org.hibernate.type.BasicTypeRegistry] - Adding type registration double -> org.hibernate.type.DoubleType@181da05
2023-08-20 22:38:45.061 DEBUG [restartedMain] [org.hibernate.type.BasicTypeRegistry] - Adding type registration double -> org.hibernate.type.DoubleType@181da05
2023-08-20 22:38:45.061 DEBUG [restartedMain] [org.hibernate.type.BasicTypeRegistry] - Adding type registration java.lang.Double -> org.hibernate.type.DoubleType@181da05
2023-08-20 22:38:45.062 DEBUG [restartedMain] [org.hibernate.type.BasicTypeRegistry] - Adding type registration big_decimal -> org.hibernate.type.BigDecimalType@753547f7
2023-08-20 22:38:45.063 DEBUG [restartedMain] [org.hibernate.type.BasicTypeRegistry] - Adding type registration java.math.BigDecimal -> org.hibernate.type.BigDecimalType@753547f7
2023-08-20 22:38:45.063 DEBUG [restartedMain] [org.hibernate.type.BasicTypeRegistry] - Adding type registration big_integer -> org.hibernate.type.BigIntegerType@2560619d
2023-08-20 22:38:45.064 DEBUG [restartedMain] [org.hibernate.type.BasicTypeRegistry] - Adding type registration java.math.BigInteger -> org.hibernate.type.BigIntegerType@2560619d
2023-08-20 22:38:45.064 DEBUG [restartedMain] [org.hibernate.type.BasicTypeRegistry] - Adding type registration string -> org.hibernate.type.StringType@41fb4dc6
2023-08-20 22:38:45.065 DEBUG [restartedMain] [org.hibernate.type.BasicTypeRegistry] - Adding type registration java.lang.String -> org.hibernate.type.StringType@41fb4dc6
2023-08-20 22:38:45.065 DEBUG [restartedMain] [org.hibernate.type.BasicTypeRegistry] - Adding type registration nstring -> org.hibernate.type.StringNVarcharType@5e519f83
2023-08-20 22:38:45.065 DEBUG [restartedMain] [org.hibernate.type.BasicTypeRegistry] - Adding type registration ncharacter -> org.hibernate.type.CharacterNCharType@29d48294
2023-08-20 22:38:45.067 DEBUG [restartedMain] [org.hibernate.type.BasicTypeRegistry] - Adding type registration url -> org.hibernate.type.UrlType@1bcc713c
2023-08-20 22:38:45.067 DEBUG [restartedMain] [org.hibernate.type.BasicTypeRegistry] - Adding type registration java.net.URL -> org.hibernate.type.UrlType@1bcc713c
2023-08-20 22:38:45.068 DEBUG [restartedMain] [org.hibernate.type.BasicTypeRegistry] - Adding type registration Duration -> org.hibernate.type.DurationType@b49b7ea
2023-08-20 22:38:45.068 DEBUG [restartedMain] [org.hibernate.type.BasicTypeRegistry] - Adding type registration java.time.Duration -> org.hibernate.type.DurationType@b49b7ea
2023-08-20 22:38:45.071 DEBUG [restartedMain] [org.hibernate.type.BasicTypeRegistry] - Adding type registration Instant -> org.hibernate.type.InstantType@62b1d88f
2023-08-20 22:38:45.072 DEBUG [restartedMain] [org.hibernate.type.BasicTypeRegistry] - Adding type registration java.time.Instant -> org.hibernate.type.InstantType@62b1d88f
2023-08-20 22:38:45.073 DEBUG [restartedMain] [org.hibernate.type.BasicTypeRegistry] - Adding type registration LocalDateTime -> org.hibernate.type.LocalDateTimeType@1e19e70
2023-08-20 22:38:45.074 DEBUG [restartedMain] [org.hibernate.type.BasicTypeRegistry] - Adding type registration java.time.LocalDateTime -> org.hibernate.type.LocalDateTimeType@1e19e70
2023-08-20 22:38:45.075 DEBUG [restartedMain] [org.hibernate.type.BasicTypeRegistry] - Adding type registration LocalDate -> org.hibernate.type.LocalDateType@3fa57a55
2023-08-20 22:38:45.075 DEBUG [restartedMain] [org.hibernate.type.BasicTypeRegistry] - Adding type registration java.time.LocalDate -> org.hibernate.type.LocalDateType@3fa57a55
2023-08-20 22:38:45.078 DEBUG [restartedMain] [org.hibernate.type.BasicTypeRegistry] - Adding type registration LocalTime -> org.hibernate.type.LocalTimeType@3b6fcbcb
2023-08-20 22:38:45.078 DEBUG [restartedMain] [org.hibernate.type.BasicTypeRegistry] - Adding type registration java.time.LocalTime -> org.hibernate.type.LocalTimeType@3b6fcbcb
2023-08-20 22:38:45.081 DEBUG [restartedMain] [org.hibernate.type.BasicTypeRegistry] - Adding type registration OffsetDateTime -> org.hibernate.type.OffsetDateTimeType@5599e203
2023-08-20 22:38:45.081 DEBUG [restartedMain] [org.hibernate.type.BasicTypeRegistry] - Adding type registration java.time.OffsetDateTime -> org.hibernate.type.OffsetDateTimeType@5599e203
2023-08-20 22:38:45.083 DEBUG [restartedMain] [org.hibernate.type.BasicTypeRegistry] - Adding type registration OffsetTime -> org.hibernate.type.OffsetTimeType@32be3d76
2023-08-20 22:38:45.083 DEBUG [restartedMain] [org.hibernate.type.BasicTypeRegistry] - Adding type registration java.time.OffsetTime -> org.hibernate.type.OffsetTimeType@32be3d76
2023-08-20 22:38:45.085 DEBUG [restartedMain] [org.hibernate.type.BasicTypeRegistry] - Adding type registration ZonedDateTime -> org.hibernate.type.ZonedDateTimeType@4acd8595
2023-08-20 22:38:45.086 DEBUG [restartedMain] [org.hibernate.type.BasicTypeRegistry] - Adding type registration java.time.ZonedDateTime -> org.hibernate.type.ZonedDateTimeType@4acd8595
2023-08-20 22:38:45.090 DEBUG [restartedMain] [org.hibernate.type.BasicTypeRegistry] - Adding type registration date -> org.hibernate.type.DateType@15a938d
2023-08-20 22:38:45.091 DEBUG [restartedMain] [org.hibernate.type.BasicTypeRegistry] - Adding type registration java.sql.Date -> org.hibernate.type.DateType@15a938d
2023-08-20 22:38:45.092 DEBUG [restartedMain] [org.hibernate.type.BasicTypeRegistry] - Adding type registration time -> org.hibernate.type.TimeType@64d92503
2023-08-20 22:38:45.092 DEBUG [restartedMain] [org.hibernate.type.BasicTypeRegistry] - Adding type registration java.sql.Time -> org.hibernate.type.TimeType@64d92503
2023-08-20 22:38:45.093 DEBUG [restartedMain] [org.hibernate.type.BasicTypeRegistry] - Adding type registration timestamp -> org.hibernate.type.TimestampType@1b3149c7
2023-08-20 22:38:45.094 DEBUG [restartedMain] [org.hibernate.type.BasicTypeRegistry] - Adding type registration java.sql.Timestamp -> org.hibernate.type.TimestampType@1b3149c7
2023-08-20 22:38:45.094 DEBUG [restartedMain] [org.hibernate.type.BasicTypeRegistry] - Adding type registration java.util.Date -> org.hibernate.type.TimestampType@1b3149c7
2023-08-20 22:38:45.096 DEBUG [restartedMain] [org.hibernate.type.BasicTypeRegistry] - Adding type registration dbtimestamp -> org.hibernate.type.DbTimestampType@1444217d
2023-08-20 22:38:45.098 DEBUG [restartedMain] [org.hibernate.type.BasicTypeRegistry] - Adding type registration calendar -> org.hibernate.type.CalendarType@2265e08
2023-08-20 22:38:45.099 DEBUG [restartedMain] [org.hibernate.type.BasicTypeRegistry] - Adding type registration java.util.Calendar -> org.hibernate.type.CalendarType@2265e08
2023-08-20 22:38:45.099 DEBUG [restartedMain] [org.hibernate.type.BasicTypeRegistry] - Adding type registration java.util.GregorianCalendar -> org.hibernate.type.CalendarType@2265e08
2023-08-20 22:38:45.100 DEBUG [restartedMain] [org.hibernate.type.BasicTypeRegistry] - Adding type registration calendar_date -> org.hibernate.type.CalendarDateType@1a3e0b98
2023-08-20 22:38:45.101 DEBUG [restartedMain] [org.hibernate.type.BasicTypeRegistry] - Adding type registration calendar_time -> org.hibernate.type.CalendarTimeType@30ea60e8
2023-08-20 22:38:45.103 DEBUG [restartedMain] [org.hibernate.type.BasicTypeRegistry] - Adding type registration locale -> org.hibernate.type.LocaleType@7ecc9f80
2023-08-20 22:38:45.103 DEBUG [restartedMain] [org.hibernate.type.BasicTypeRegistry] - Adding type registration java.util.Locale -> org.hibernate.type.LocaleType@7ecc9f80
2023-08-20 22:38:45.104 DEBUG [restartedMain] [org.hibernate.type.BasicTypeRegistry] - Adding type registration currency -> org.hibernate.type.CurrencyType@a88345c
2023-08-20 22:38:45.104 DEBUG [restartedMain] [org.hibernate.type.BasicTypeRegistry] - Adding type registration java.util.Currency -> org.hibernate.type.CurrencyType@a88345c
2023-08-20 22:38:45.106 DEBUG [restartedMain] [org.hibernate.type.BasicTypeRegistry] - Adding type registration timezone -> org.hibernate.type.TimeZoneType@5b25a5c8
2023-08-20 22:38:45.106 DEBUG [restartedMain] [org.hibernate.type.BasicTypeRegistry] - Adding type registration java.util.TimeZone -> org.hibernate.type.TimeZoneType@5b25a5c8
2023-08-20 22:38:45.108 DEBUG [restartedMain] [org.hibernate.type.BasicTypeRegistry] - Adding type registration class -> org.hibernate.type.ClassType@75b3b954
2023-08-20 22:38:45.108 DEBUG [restartedMain] [org.hibernate.type.BasicTypeRegistry] - Adding type registration java.lang.Class -> org.hibernate.type.ClassType@75b3b954
2023-08-20 22:38:45.109 DEBUG [restartedMain] [org.hibernate.type.BasicTypeRegistry] - Adding type registration uuid-binary -> org.hibernate.type.UUIDBinaryType@4590f1b7
2023-08-20 22:38:45.110 DEBUG [restartedMain] [org.hibernate.type.BasicTypeRegistry] - Adding type registration java.util.UUID -> org.hibernate.type.UUIDBinaryType@4590f1b7
2023-08-20 22:38:45.111 DEBUG [restartedMain] [org.hibernate.type.BasicTypeRegistry] - Adding type registration uuid-char -> org.hibernate.type.UUIDCharType@5c6edc3f
2023-08-20 22:38:45.113 DEBUG [restartedMain] [org.hibernate.type.BasicTypeRegistry] - Adding type registration binary -> org.hibernate.type.BinaryType@780551e5
2023-08-20 22:38:45.113 DEBUG [restartedMain] [org.hibernate.type.BasicTypeRegistry] - Adding type registration byte[] -> org.hibernate.type.BinaryType@780551e5
2023-08-20 22:38:45.113 DEBUG [restartedMain] [org.hibernate.type.BasicTypeRegistry] - Adding type registration [B -> org.hibernate.type.BinaryType@780551e5
2023-08-20 22:38:45.115 DEBUG [restartedMain] [org.hibernate.type.BasicTypeRegistry] - Adding type registration wrapper-binary -> org.hibernate.type.WrapperBinaryType@249ae0a0
2023-08-20 22:38:45.115 DEBUG [restartedMain] [org.hibernate.type.BasicTypeRegistry] - Adding type registration Byte[] -> org.hibernate.type.WrapperBinaryType@249ae0a0
2023-08-20 22:38:45.115 DEBUG [restartedMain] [org.hibernate.type.BasicTypeRegistry] - Adding type registration [Ljava.lang.Byte; -> org.hibernate.type.WrapperBinaryType@249ae0a0
2023-08-20 22:38:45.118 DEBUG [restartedMain] [org.hibernate.type.BasicTypeRegistry] - Adding type registration row_version -> org.hibernate.type.RowVersionType@4139f31b
2023-08-20 22:38:45.120 DEBUG [restartedMain] [org.hibernate.type.BasicTypeRegistry] - Adding type registration image -> org.hibernate.type.ImageType@770367d7
2023-08-20 22:38:45.122 DEBUG [restartedMain] [org.hibernate.type.BasicTypeRegistry] - Adding type registration characters -> org.hibernate.type.CharArrayType@58fc892e
2023-08-20 22:38:45.122 DEBUG [restartedMain] [org.hibernate.type.BasicTypeRegistry] - Adding type registration char[] -> org.hibernate.type.CharArrayType@58fc892e
2023-08-20 22:38:45.122 DEBUG [restartedMain] [org.hibernate.type.BasicTypeRegistry] - Adding type registration [C -> org.hibernate.type.CharArrayType@58fc892e
2023-08-20 22:38:45.123 DEBUG [restartedMain] [org.hibernate.type.BasicTypeRegistry] - Adding type registration wrapper-characters -> org.hibernate.type.CharacterArrayType@167a7e20
2023-08-20 22:38:45.124 DEBUG [restartedMain] [org.hibernate.type.BasicTypeRegistry] - Adding type registration [Ljava.lang.Character; -> org.hibernate.type.CharacterArrayType@167a7e20
2023-08-20 22:38:45.124 DEBUG [restartedMain] [org.hibernate.type.BasicTypeRegistry] - Adding type registration Character[] -> org.hibernate.type.CharacterArrayType@167a7e20
2023-08-20 22:38:45.125 DEBUG [restartedMain] [org.hibernate.type.BasicTypeRegistry] - Adding type registration text -> org.hibernate.type.TextType@39bcab55
2023-08-20 22:38:45.125 DEBUG [restartedMain] [org.hibernate.type.BasicTypeRegistry] - Adding type registration ntext -> org.hibernate.type.NTextType@537628e0
2023-08-20 22:38:45.128 DEBUG [restartedMain] [org.hibernate.type.BasicTypeRegistry] - Adding type registration blob -> org.hibernate.type.BlobType@47259d4e
2023-08-20 22:38:45.128 DEBUG [restartedMain] [org.hibernate.type.BasicTypeRegistry] - Adding type registration java.sql.Blob -> org.hibernate.type.BlobType@47259d4e
2023-08-20 22:38:45.129 DEBUG [restartedMain] [org.hibernate.type.BasicTypeRegistry] - Adding type registration materialized_blob -> org.hibernate.type.MaterializedBlobType@49353084
2023-08-20 22:38:45.130 DEBUG [restartedMain] [org.hibernate.type.BasicTypeRegistry] - Adding type registration clob -> org.hibernate.type.ClobType@50009413
2023-08-20 22:38:45.130 DEBUG [restartedMain] [org.hibernate.type.BasicTypeRegistry] - Adding type registration java.sql.Clob -> org.hibernate.type.ClobType@50009413
2023-08-20 22:38:45.131 DEBUG [restartedMain] [org.hibernate.type.BasicTypeRegistry] - Adding type registration nclob -> org.hibernate.type.NClobType@54f87c
2023-08-20 22:38:45.131 DEBUG [restartedMain] [org.hibernate.type.BasicTypeRegistry] - Adding type registration java.sql.NClob -> org.hibernate.type.NClobType@54f87c
2023-08-20 22:38:45.132 DEBUG [restartedMain] [org.hibernate.type.BasicTypeRegistry] - Adding type registration materialized_clob -> org.hibernate.type.MaterializedClobType@413bd653
2023-08-20 22:38:45.132 DEBUG [restartedMain] [org.hibernate.type.BasicTypeRegistry] - Adding type registration materialized_nclob -> org.hibernate.type.MaterializedNClobType@5d9c8351
2023-08-20 22:38:45.134 DEBUG [restartedMain] [org.hibernate.type.BasicTypeRegistry] - Adding type registration serializable -> org.hibernate.type.SerializableType@700505f
2023-08-20 22:38:45.140 DEBUG [restartedMain] [org.hibernate.type.BasicTypeRegistry] - Adding type registration object -> org.hibernate.type.ObjectType@611051c4
2023-08-20 22:38:45.140 DEBUG [restartedMain] [org.hibernate.type.BasicTypeRegistry] - Adding type registration java.lang.Object -> org.hibernate.type.ObjectType@611051c4
2023-08-20 22:38:45.141 DEBUG [restartedMain] [org.hibernate.type.BasicTypeRegistry] - Adding type registration imm_date -> org.hibernate.type.AdaptedImmutableType@49e01443
2023-08-20 22:38:45.141 DEBUG [restartedMain] [org.hibernate.type.BasicTypeRegistry] - Adding type registration imm_time -> org.hibernate.type.AdaptedImmutableType@3d6b0991
2023-08-20 22:38:45.141 DEBUG [restartedMain] [org.hibernate.type.BasicTypeRegistry] - Adding type registration imm_timestamp -> org.hibernate.type.AdaptedImmutableType@b2d0e7f
2023-08-20 22:38:45.141 DEBUG [restartedMain] [org.hibernate.type.BasicTypeRegistry] - Adding type registration imm_dbtimestamp -> org.hibernate.type.AdaptedImmutableType@4e802179
2023-08-20 22:38:45.141 DEBUG [restartedMain] [org.hibernate.type.BasicTypeRegistry] - Adding type registration imm_calendar -> org.hibernate.type.AdaptedImmutableType@78b66e6
2023-08-20 22:38:45.141 DEBUG [restartedMain] [org.hibernate.type.BasicTypeRegistry] - Adding type registration imm_calendar_date -> org.hibernate.type.AdaptedImmutableType@6249c007
2023-08-20 22:38:45.141 DEBUG [restartedMain] [org.hibernate.type.BasicTypeRegistry] - Adding type registration imm_binary -> org.hibernate.type.AdaptedImmutableType@17474c7
2023-08-20 22:38:45.141 DEBUG [restartedMain] [org.hibernate.type.BasicTypeRegistry] - Adding type registration imm_serializable -> org.hibernate.type.AdaptedImmutableType@4eb00679
2023-08-20 22:38:45.255 INFO  [restartedMain] [org.hibernate.dialect.Dialect] - HHH000400: Using dialect: org.hibernate.dialect.MySQL8Dialect
2023-08-20 22:38:45.314 DEBUG [restartedMain] [o.h.type.spi.TypeConfiguration$Scope] - Scoping TypeConfiguration [org.hibernate.type.spi.TypeConfiguration@62fa15d4] to MetadataBuildingContext [org.hibernate.boot.internal.MetadataBuildingContextRootImpl@4b9bb04a]
2023-08-20 22:38:45.827 DEBUG [restartedMain] [org.hibernate.type.EnumType] - Using NAMED-based conversion for Enum com.dnd.gooding.domain.record.model.RecordOpenStatus
2023-08-20 22:38:45.830 DEBUG [restartedMain] [o.h.type.spi.TypeConfiguration$Scope] - Scoping TypeConfiguration [org.hibernate.type.spi.TypeConfiguration@62fa15d4] to SessionFactoryImpl [org.hibernate.internal.SessionFactoryImpl@42461541]
2023-08-20 22:38:46.533 DEBUG [restartedMain] [org.hibernate.SQL] - 
    
    alter table file 
       drop 
       foreign key FKgk0c3f8spcskhsc62eodqlw8p
2023-08-20 22:38:46.561 DEBUG [restartedMain] [org.hibernate.SQL] - 
    
    alter table file 
       drop 
       foreign key FKinph5hu8ryc97hbs75ym9sm7t
2023-08-20 22:38:46.566 DEBUG [restartedMain] [org.hibernate.SQL] - 
    
    alter table record 
       drop 
       foreign key FKeny3549xar8rnrcmdw3hl0la1
2023-08-20 22:38:46.571 DEBUG [restartedMain] [org.hibernate.SQL] - 
    
    drop table if exists file
2023-08-20 22:38:46.590 DEBUG [restartedMain] [org.hibernate.SQL] - 
    
    drop table if exists record
2023-08-20 22:38:46.603 DEBUG [restartedMain] [org.hibernate.SQL] - 
    
    drop table if exists user
2023-08-20 22:38:46.616 DEBUG [restartedMain] [org.hibernate.SQL] - 
    
    create table file (
       file_id bigint not null auto_increment,
        created_date datetime(6),
        last_modified_date datetime(6),
        extension varchar(20) not null,
        file_size bigint not null,
        file_url varchar(255) not null,
        new_name varchar(100) not null,
        origin_name varchar(100) not null,
        record_id bigint,
        user_id bigint,
        primary key (file_id)
    ) engine=InnoDB
2023-08-20 22:38:46.639 DEBUG [restartedMain] [org.hibernate.SQL] - 
    
    create table record (
       record_id bigint not null auto_increment,
        created_date datetime(6),
        last_modified_date datetime(6),
        description varchar(100),
        place_latitude double precision,
        place_longitude double precision,
        place_title varchar(20),
        record_date datetime(6) not null,
        record_open varchar(255) not null,
        record_score integer not null,
        thumbnail_url varchar(255),
        title varchar(20) not null,
        user_id bigint,
        primary key (record_id)
    ) engine=InnoDB
2023-08-20 22:38:46.651 DEBUG [restartedMain] [org.hibernate.SQL] - 
    
    create table user (
       user_id bigint not null auto_increment,
        created_date datetime(6),
        last_modified_date datetime(6),
        nickname varchar(20) not null,
        oauth_id varchar(255) not null,
        profile_image_url varchar(255) not null,
        provider varchar(255) not null,
        primary key (user_id)
    ) engine=InnoDB
2023-08-20 22:38:46.663 DEBUG [restartedMain] [org.hibernate.SQL] - 
    
    alter table file 
       add constraint FKgk0c3f8spcskhsc62eodqlw8p 
       foreign key (record_id) 
       references record (record_id)
2023-08-20 22:38:46.703 DEBUG [restartedMain] [org.hibernate.SQL] - 
    
    alter table file 
       add constraint FKinph5hu8ryc97hbs75ym9sm7t 
       foreign key (user_id) 
       references user (user_id)
2023-08-20 22:38:46.758 DEBUG [restartedMain] [org.hibernate.SQL] - 
    
    alter table record 
       add constraint FKeny3549xar8rnrcmdw3hl0la1 
       foreign key (user_id) 
       references user (user_id)
2023-08-20 22:38:46.813 INFO  [restartedMain] [o.h.e.t.j.p.i.JtaPlatformInitiator] - HHH000490: Using JtaPlatform implementation: [org.hibernate.engine.transaction.jta.platform.internal.NoJtaPlatform]
2023-08-20 22:38:46.823 TRACE [restartedMain] [o.h.type.spi.TypeConfiguration$Scope] - Handling #sessionFactoryCreated from [org.hibernate.internal.SessionFactoryImpl@42461541] for TypeConfiguration
2023-08-20 22:38:46.825 INFO  [restartedMain] [o.s.o.j.LocalContainerEntityManagerFactoryBean] - Initialized JPA EntityManagerFactory for persistence unit 'default'
2023-08-20 22:38:48.531 WARN  [restartedMain] [o.s.b.a.s.s.UserDetailsServiceAutoConfiguration] - 

Using generated security password: 015b95d4-bb86-4d49-9305-406b4277a662

This generated password is for development use only. Your security configuration must be updated before running your application in production.

2023-08-20 22:38:48.701 INFO  [restartedMain] [o.s.s.web.DefaultSecurityFilterChain] - Will secure any request with [org.springframework.security.web.session.DisableEncodeUrlFilter@30ddc8ca, org.springframework.security.web.context.request.async.WebAsyncManagerIntegrationFilter@1f483a28, org.springframework.security.web.context.SecurityContextPersistenceFilter@e5e1f0a, org.springframework.security.web.header.HeaderWriterFilter@30be1208, org.springframework.web.filter.CorsFilter@4b16fe8, org.springframework.security.web.authentication.logout.LogoutFilter@6b56dd9a, com.dnd.gooding.global.token.handler.ExceptionHandlerFilter@3f1f942e, com.dnd.gooding.global.token.filter.JwtAuthenticationFilter@1dee0685, org.springframework.security.web.savedrequest.RequestCacheAwareFilter@4846bbb3, org.springframework.security.web.servletapi.SecurityContextHolderAwareRequestFilter@5396bafb, org.springframework.security.web.authentication.AnonymousAuthenticationFilter@334936ff, org.springframework.security.web.session.SessionManagementFilter@7f23bc61, org.springframework.security.web.access.ExceptionTranslationFilter@77a92b92, org.springframework.security.web.access.intercept.AuthorizationFilter@548f66a7]
2023-08-20 22:38:50.203 INFO  [restartedMain] [o.apache.coyote.http11.Http11NioProtocol] - Starting ProtocolHandler ["http-nio-8080"]
2023-08-20 22:38:50.243 INFO  [restartedMain] [o.s.b.w.embedded.tomcat.TomcatWebServer] - Tomcat started on port(s): 8080 (http) with context path ''
2023-08-20 22:38:50.254 INFO  [restartedMain] [com.dnd.gooding.GoodingApplication] - Started GoodingApplication in 12.883 seconds (JVM running for 13.563)
